{"C:\\Users\\Lenovo\\Documents\\opsdesk\\apps\\api\\src\\app.controller.ts": {"path":"C:\\Users\\Lenovo\\Documents\\opsdesk\\apps\\api\\src\\app.controller.ts","statementMap":{"0":{"start":{"line":7,"column":7},"end":{"line":37,"column":null}},"1":{"start":{"line":9,"column":21},"end":{"line":9,"column":29}},"2":{"start":{"line":10,"column":21},"end":{"line":10,"column":28}},"3":{"start":{"line":16,"column":4},"end":{"line":19,"column":6}},"4":{"start":{"line":25,"column":4},"end":{"line":25,"column":42}},"5":{"start":{"line":27,"column":18},"end":{"line":27,"column":41}},"6":{"start":{"line":29,"column":4},"end":{"line":35,"column":6}},"7":{"start":{"line":15,"column":2},"end":{"line":20,"column":null}},"8":{"start":{"line":24,"column":8},"end":{"line":36,"column":null}},"9":{"start":{"line":7,"column":13},"end":{"line":37,"column":null}}},"fnMap":{"0":{"name":"(anonymous_2)","decl":{"start":{"line":8,"column":2},"end":{"line":8,"column":null}},"loc":{"start":{"line":10,"column":40},"end":{"line":11,"column":6}}},"1":{"name":"(anonymous_3)","decl":{"start":{"line":15,"column":2},"end":{"line":15,"column":9}},"loc":{"start":{"line":15,"column":9},"end":{"line":20,"column":3}}},"2":{"name":"(anonymous_4)","decl":{"start":{"line":24,"column":8},"end":{"line":24,"column":14}},"loc":{"start":{"line":24,"column":14},"end":{"line":36,"column":3}}}},"branchMap":{"0":{"loc":{"start":{"line":33,"column":15},"end":{"line":33,"column":61}},"type":"cond-expr","locations":[{"start":{"line":33,"column":34},"end":{"line":33,"column":45}},{"start":{"line":33,"column":48},"end":{"line":33,"column":61}}]},"1":{"loc":{"start":{"line":9,"column":29},"end":{"line":9,"column":null}},"type":"cond-expr","locations":[{"start":{"line":9,"column":42},"end":{"line":9,"column":null}},{"start":{"line":9,"column":42},"end":{"line":9,"column":null}}]},"2":{"loc":{"start":{"line":9,"column":29},"end":{"line":9,"column":42}},"type":"binary-expr","locations":[{"start":{"line":9,"column":29},"end":{"line":9,"column":null}},{"start":{"line":9,"column":29},"end":{"line":9,"column":42}}]},"3":{"loc":{"start":{"line":9,"column":42},"end":{"line":10,"column":null}},"type":"cond-expr","locations":[{"start":{"line":10,"column":40},"end":{"line":10,"column":null}},{"start":{"line":10,"column":40},"end":{"line":10,"column":null}}]},"4":{"loc":{"start":{"line":9,"column":42},"end":{"line":10,"column":40}},"type":"binary-expr","locations":[{"start":{"line":9,"column":42},"end":{"line":10,"column":null}},{"start":{"line":10,"column":28},"end":{"line":10,"column":40}}]}},"s":{"0":0,"1":0,"2":0,"3":0,"4":0,"5":0,"6":0,"7":0,"8":0,"9":0},"f":{"0":0,"1":0,"2":0},"b":{"0":[0,0],"1":[0,0],"2":[0,0],"3":[0,0],"4":[0,0]}}
,"C:\\Users\\Lenovo\\Documents\\opsdesk\\apps\\api\\src\\app.module.ts": {"path":"C:\\Users\\Lenovo\\Documents\\opsdesk\\apps\\api\\src\\app.module.ts","statementMap":{"0":{"start":{"line":41,"column":7},"end":{"line":41,"column":null}},"1":{"start":{"line":41,"column":13},"end":{"line":41,"column":null}}},"fnMap":{},"branchMap":{},"s":{"0":0,"1":0},"f":{},"b":{}}
,"C:\\Users\\Lenovo\\Documents\\opsdesk\\apps\\api\\src\\app.service.ts": {"path":"C:\\Users\\Lenovo\\Documents\\opsdesk\\apps\\api\\src\\app.service.ts","statementMap":{"0":{"start":{"line":4,"column":7},"end":{"line":8,"column":null}},"1":{"start":{"line":6,"column":4},"end":{"line":6,"column":26}},"2":{"start":{"line":4,"column":13},"end":{"line":8,"column":null}}},"fnMap":{"0":{"name":"(anonymous_1)","decl":{"start":{"line":5,"column":2},"end":{"line":5,"column":10}},"loc":{"start":{"line":5,"column":10},"end":{"line":7,"column":3}}}},"branchMap":{},"s":{"0":0,"1":0,"2":0},"f":{"0":0},"b":{}}
,"C:\\Users\\Lenovo\\Documents\\opsdesk\\apps\\api\\src\\auth\\auth.guard.ts": {"path":"C:\\Users\\Lenovo\\Documents\\opsdesk\\apps\\api\\src\\auth\\auth.guard.ts","statementMap":{"0":{"start":{"line":22,"column":7},"end":{"line":108,"column":null}},"1":{"start":{"line":28,"column":21},"end":{"line":28,"column":36}},"2":{"start":{"line":29,"column":21},"end":{"line":29,"column":32}},"3":{"start":{"line":31,"column":4},"end":{"line":32,"column":69}},"4":{"start":{"line":34,"column":4},"end":{"line":35,"column":62}},"5":{"start":{"line":37,"column":4},"end":{"line":39,"column":6}},"6":{"start":{"line":43,"column":21},"end":{"line":45,"column":null}},"7":{"start":{"line":48,"column":4},"end":{"line":50,"column":5}},"8":{"start":{"line":49,"column":6},"end":{"line":49,"column":18}},"9":{"start":{"line":53,"column":6},"end":{"line":53,"column":63}},"10":{"start":{"line":55,"column":18},"end":{"line":55,"column":50}},"11":{"start":{"line":57,"column":4},"end":{"line":59,"column":5}},"12":{"start":{"line":58,"column":6},"end":{"line":58,"column":62}},"13":{"start":{"line":61,"column":4},"end":{"line":88,"column":5}},"14":{"start":{"line":62,"column":26},"end":{"line":69,"column":null}},"15":{"start":{"line":72,"column":6},"end":{"line":76,"column":7}},"16":{"start":{"line":73,"column":8},"end":{"line":75,"column":10}},"17":{"start":{"line":78,"column":6},"end":{"line":78,"column":46}},"18":{"start":{"line":79,"column":6},"end":{"line":79,"column":34}},"19":{"start":{"line":81,"column":6},"end":{"line":81,"column":18}},"20":{"start":{"line":83,"column":6},"end":{"line":85,"column":7}},"21":{"start":{"line":84,"column":8},"end":{"line":84,"column":20}},"22":{"start":{"line":87,"column":6},"end":{"line":87,"column":62}},"23":{"start":{"line":94,"column":26},"end":{"line":94,"column":55}},"24":{"start":{"line":96,"column":4},"end":{"line":98,"column":5}},"25":{"start":{"line":97,"column":6},"end":{"line":97,"column":23}},"26":{"start":{"line":100,"column":26},"end":{"line":100,"column":50}},"27":{"start":{"line":102,"column":4},"end":{"line":104,"column":5}},"28":{"start":{"line":103,"column":6},"end":{"line":103,"column":23}},"29":{"start":{"line":106,"column":4},"end":{"line":106,"column":17}},"30":{"start":{"line":22,"column":13},"end":{"line":108,"column":null}}},"fnMap":{"0":{"name":"(anonymous_2)","decl":{"start":{"line":27,"column":2},"end":{"line":27,"column":null}},"loc":{"start":{"line":29,"column":41},"end":{"line":40,"column":3}}},"1":{"name":"(anonymous_3)","decl":{"start":{"line":42,"column":2},"end":{"line":42,"column":7}},"loc":{"start":{"line":42,"column":45},"end":{"line":89,"column":3}}},"2":{"name":"(anonymous_4)","decl":{"start":{"line":91,"column":10},"end":{"line":91,"column":28}},"loc":{"start":{"line":92,"column":20},"end":{"line":107,"column":3}}}},"branchMap":{"0":{"loc":{"start":{"line":48,"column":4},"end":{"line":50,"column":5}},"type":"if","locations":[{"start":{"line":48,"column":4},"end":{"line":50,"column":5}},{"start":{},"end":{}}]},"1":{"loc":{"start":{"line":57,"column":4},"end":{"line":59,"column":5}},"type":"if","locations":[{"start":{"line":57,"column":4},"end":{"line":59,"column":5}},{"start":{},"end":{}}]},"2":{"loc":{"start":{"line":72,"column":6},"end":{"line":76,"column":7}},"type":"if","locations":[{"start":{"line":72,"column":6},"end":{"line":76,"column":7}},{"start":{},"end":{}}]},"3":{"loc":{"start":{"line":83,"column":6},"end":{"line":85,"column":7}},"type":"if","locations":[{"start":{"line":83,"column":6},"end":{"line":85,"column":7}},{"start":{},"end":{}}]},"4":{"loc":{"start":{"line":96,"column":4},"end":{"line":98,"column":5}},"type":"if","locations":[{"start":{"line":96,"column":4},"end":{"line":98,"column":5}},{"start":{},"end":{}}]},"5":{"loc":{"start":{"line":102,"column":4},"end":{"line":104,"column":5}},"type":"if","locations":[{"start":{"line":102,"column":4},"end":{"line":104,"column":5}},{"start":{},"end":{}}]},"6":{"loc":{"start":{"line":102,"column":8},"end":{"line":102,"column":35}},"type":"binary-expr","locations":[{"start":{"line":102,"column":8},"end":{"line":102,"column":25}},{"start":{"line":102,"column":29},"end":{"line":102,"column":35}}]},"7":{"loc":{"start":{"line":28,"column":36},"end":{"line":28,"column":null}},"type":"cond-expr","locations":[{"start":{"line":28,"column":49},"end":{"line":28,"column":null}},{"start":{"line":28,"column":49},"end":{"line":28,"column":null}}]},"8":{"loc":{"start":{"line":28,"column":36},"end":{"line":28,"column":49}},"type":"binary-expr","locations":[{"start":{"line":28,"column":36},"end":{"line":28,"column":null}},{"start":{"line":28,"column":36},"end":{"line":28,"column":49}}]},"9":{"loc":{"start":{"line":28,"column":49},"end":{"line":29,"column":null}},"type":"cond-expr","locations":[{"start":{"line":29,"column":41},"end":{"line":29,"column":null}},{"start":{"line":29,"column":41},"end":{"line":29,"column":null}}]},"10":{"loc":{"start":{"line":28,"column":49},"end":{"line":29,"column":41}},"type":"binary-expr","locations":[{"start":{"line":28,"column":49},"end":{"line":29,"column":null}},{"start":{"line":29,"column":32},"end":{"line":29,"column":41}}]}},"s":{"0":1,"1":4,"2":4,"3":4,"4":4,"5":4,"6":4,"7":4,"8":1,"9":3,"10":3,"11":3,"12":2,"13":1,"14":1,"15":0,"16":0,"17":0,"18":0,"19":0,"20":1,"21":0,"22":1,"23":3,"24":3,"25":1,"26":2,"27":2,"28":1,"29":1,"30":1},"f":{"0":4,"1":4,"2":3},"b":{"0":[1,3],"1":[2,1],"2":[0,0],"3":[0,1],"4":[1,2],"5":[1,1],"6":[2,1],"7":[1,0],"8":[1,1],"9":[1,0],"10":[1,1]}}
,"C:\\Users\\Lenovo\\Documents\\opsdesk\\apps\\api\\src\\auth\\auth.module.ts": {"path":"C:\\Users\\Lenovo\\Documents\\opsdesk\\apps\\api\\src\\auth\\auth.module.ts","statementMap":{"0":{"start":{"line":17,"column":7},"end":{"line":17,"column":null}},"1":{"start":{"line":17,"column":13},"end":{"line":17,"column":null}}},"fnMap":{},"branchMap":{},"s":{"0":0,"1":0},"f":{},"b":{}}
,"C:\\Users\\Lenovo\\Documents\\opsdesk\\apps\\api\\src\\auth\\auth0-userinfo.service.ts": {"path":"C:\\Users\\Lenovo\\Documents\\opsdesk\\apps\\api\\src\\auth\\auth0-userinfo.service.ts","statementMap":{"0":{"start":{"line":10,"column":28},"end":{"line":16,"column":2}},"1":{"start":{"line":19,"column":7},"end":{"line":70,"column":null}},"2":{"start":{"line":22,"column":31},"end":{"line":22,"column":46}},"3":{"start":{"line":23,"column":19},"end":{"line":24,"column":null}},"4":{"start":{"line":27,"column":4},"end":{"line":27,"column":62}},"5":{"start":{"line":34,"column":21},"end":{"line":38,"column":6}},"6":{"start":{"line":40,"column":4},"end":{"line":44,"column":5}},"7":{"start":{"line":41,"column":6},"end":{"line":43,"column":8}},"8":{"start":{"line":46,"column":26},"end":{"line":46,"column":47}},"9":{"start":{"line":48,"column":19},"end":{"line":48,"column":54}},"10":{"start":{"line":50,"column":4},"end":{"line":54,"column":5}},"11":{"start":{"line":51,"column":6},"end":{"line":53,"column":8}},"12":{"start":{"line":56,"column":4},"end":{"line":60,"column":5}},"13":{"start":{"line":57,"column":6},"end":{"line":59,"column":8}},"14":{"start":{"line":62,"column":4},"end":{"line":68,"column":6}},"15":{"start":{"line":19,"column":13},"end":{"line":70,"column":null}}},"fnMap":{"0":{"name":"(anonymous_2)","decl":{"start":{"line":22,"column":2},"end":{"line":22,"column":31}},"loc":{"start":{"line":22,"column":59},"end":{"line":28,"column":3}}},"1":{"name":"(anonymous_3)","decl":{"start":{"line":30,"column":2},"end":{"line":30,"column":7}},"loc":{"start":{"line":32,"column":27},"end":{"line":69,"column":3}}}},"branchMap":{"0":{"loc":{"start":{"line":40,"column":4},"end":{"line":44,"column":5}},"type":"if","locations":[{"start":{"line":40,"column":4},"end":{"line":44,"column":5}},{"start":{},"end":{}}]},"1":{"loc":{"start":{"line":50,"column":4},"end":{"line":54,"column":5}},"type":"if","locations":[{"start":{"line":50,"column":4},"end":{"line":54,"column":5}},{"start":{},"end":{}}]},"2":{"loc":{"start":{"line":56,"column":4},"end":{"line":60,"column":5}},"type":"if","locations":[{"start":{"line":56,"column":4},"end":{"line":60,"column":5}},{"start":{},"end":{}}]},"3":{"loc":{"start":{"line":22,"column":46},"end":{"line":22,"column":null}},"type":"cond-expr","locations":[{"start":{"line":22,"column":59},"end":{"line":22,"column":null}},{"start":{"line":22,"column":59},"end":{"line":22,"column":null}}]},"4":{"loc":{"start":{"line":22,"column":46},"end":{"line":22,"column":59}},"type":"binary-expr","locations":[{"start":{"line":22,"column":46},"end":{"line":22,"column":null}},{"start":{"line":22,"column":46},"end":{"line":22,"column":59}}]}},"s":{"0":2,"1":2,"2":0,"3":0,"4":0,"5":0,"6":0,"7":0,"8":0,"9":0,"10":0,"11":0,"12":0,"13":0,"14":0,"15":2},"f":{"0":0,"1":0},"b":{"0":[0,0],"1":[0,0],"2":[0,0],"3":[2,0],"4":[2,2]}}
,"C:\\Users\\Lenovo\\Documents\\opsdesk\\apps\\api\\src\\auth\\public.decorator.ts": {"path":"C:\\Users\\Lenovo\\Documents\\opsdesk\\apps\\api\\src\\auth\\public.decorator.ts","statementMap":{"0":{"start":{"line":3,"column":29},"end":{"line":3,"column":39}},"1":{"start":{"line":5,"column":22},"end":{"line":5,"column":60}},"2":{"start":{"line":5,"column":28},"end":{"line":5,"column":60}}},"fnMap":{"0":{"name":"(anonymous_0)","decl":{"start":{"line":5,"column":22},"end":{"line":5,"column":25}},"loc":{"start":{"line":5,"column":28},"end":{"line":5,"column":60}}}},"branchMap":{},"s":{"0":1,"1":1,"2":0},"f":{"0":0},"b":{}}
,"C:\\Users\\Lenovo\\Documents\\opsdesk\\apps\\api\\src\\config\\env.validation.ts": {"path":"C:\\Users\\Lenovo\\Documents\\opsdesk\\apps\\api\\src\\config\\env.validation.ts","statementMap":{"0":{"start":{"line":3,"column":18},"end":{"line":15,"column":2}},"1":{"start":{"line":18,"column":17},"end":{"line":18,"column":44}},"2":{"start":{"line":20,"column":2},"end":{"line":23,"column":3}},"3":{"start":{"line":21,"column":4},"end":{"line":21,"column":54}},"4":{"start":{"line":22,"column":4},"end":{"line":22,"column":57}},"5":{"start":{"line":25,"column":2},"end":{"line":25,"column":21}}},"fnMap":{"0":{"name":"validateEnv","decl":{"start":{"line":17,"column":16},"end":{"line":17,"column":27}},"loc":{"start":{"line":17,"column":59},"end":{"line":26,"column":1}}}},"branchMap":{"0":{"loc":{"start":{"line":20,"column":2},"end":{"line":23,"column":3}},"type":"if","locations":[{"start":{"line":20,"column":2},"end":{"line":23,"column":3}},{"start":{},"end":{}}]}},"s":{"0":0,"1":0,"2":0,"3":0,"4":0,"5":0},"f":{"0":0},"b":{"0":[0,0]}}
,"C:\\Users\\Lenovo\\Documents\\opsdesk\\apps\\api\\src\\database\\database.module.ts": {"path":"C:\\Users\\Lenovo\\Documents\\opsdesk\\apps\\api\\src\\database\\database.module.ts","statementMap":{"0":{"start":{"line":9,"column":7},"end":{"line":9,"column":null}},"1":{"start":{"line":9,"column":13},"end":{"line":9,"column":null}}},"fnMap":{},"branchMap":{},"s":{"0":0,"1":0},"f":{},"b":{}}
,"C:\\Users\\Lenovo\\Documents\\opsdesk\\apps\\api\\src\\database\\prisma.service.ts": {"path":"C:\\Users\\Lenovo\\Documents\\opsdesk\\apps\\api\\src\\database\\prisma.service.ts","statementMap":{"0":{"start":{"line":6,"column":7},"end":{"line":29,"column":null}},"1":{"start":{"line":11,"column":29},"end":{"line":11,"column":53}},"2":{"start":{"line":13,"column":4},"end":{"line":15,"column":5}},"3":{"start":{"line":14,"column":6},"end":{"line":14,"column":53}},"4":{"start":{"line":17,"column":20},"end":{"line":19,"column":6}},"5":{"start":{"line":21,"column":4},"end":{"line":23,"column":7}},"6":{"start":{"line":27,"column":4},"end":{"line":27,"column":29}},"7":{"start":{"line":6,"column":13},"end":{"line":29,"column":null}}},"fnMap":{"0":{"name":"(anonymous_2)","decl":{"start":{"line":10,"column":2},"end":{"line":10,"column":null}},"loc":{"start":{"line":10,"column":2},"end":{"line":24,"column":3}}},"1":{"name":"(anonymous_3)","decl":{"start":{"line":26,"column":2},"end":{"line":26,"column":7}},"loc":{"start":{"line":26,"column":23},"end":{"line":28,"column":3}}}},"branchMap":{"0":{"loc":{"start":{"line":13,"column":4},"end":{"line":15,"column":5}},"type":"if","locations":[{"start":{"line":13,"column":4},"end":{"line":15,"column":5}},{"start":{},"end":{}}]}},"s":{"0":6,"1":0,"2":0,"3":0,"4":0,"5":0,"6":0,"7":6},"f":{"0":0,"1":0},"b":{"0":[0,0]}}
,"C:\\Users\\Lenovo\\Documents\\opsdesk\\apps\\api\\src\\invitations\\invitation-acceptance.controller.ts": {"path":"C:\\Users\\Lenovo\\Documents\\opsdesk\\apps\\api\\src\\invitations\\invitation-acceptance.controller.ts","statementMap":{"0":{"start":{"line":15,"column":7},"end":{"line":47,"column":null}},"1":{"start":{"line":17,"column":21},"end":{"line":17,"column":null}},"2":{"start":{"line":20,"column":21},"end":{"line":20,"column":null}},"3":{"start":{"line":34,"column":6},"end":{"line":36,"column":null}},"4":{"start":{"line":39,"column":4},"end":{"line":45,"column":6}},"5":{"start":{"line":26,"column":8},"end":{"line":46,"column":null}},"6":{"start":{"line":15,"column":13},"end":{"line":47,"column":null}}},"fnMap":{"0":{"name":"(anonymous_4)","decl":{"start":{"line":16,"column":2},"end":{"line":16,"column":null}},"loc":{"start":{"line":21,"column":18},"end":{"line":22,"column":6}}},"1":{"name":"(anonymous_5)","decl":{"start":{"line":26,"column":8},"end":{"line":26,"column":14}},"loc":{"start":{"line":31,"column":28},"end":{"line":46,"column":3}}}},"branchMap":{"0":{"loc":{"start":{"line":31,"column":9},"end":{"line":31,"column":null}},"type":"cond-expr","locations":[{"start":{"line":31,"column":28},"end":{"line":31,"column":null}},{"start":{"line":31,"column":28},"end":{"line":31,"column":null}}]},"1":{"loc":{"start":{"line":31,"column":9},"end":{"line":31,"column":28}},"type":"binary-expr","locations":[{"start":{"line":31,"column":9},"end":{"line":31,"column":null}},{"start":{"line":31,"column":9},"end":{"line":31,"column":28}}]},"2":{"loc":{"start":{"line":18,"column":6},"end":{"line":18,"column":null}},"type":"cond-expr","locations":[{"start":{"line":18,"column":24},"end":{"line":18,"column":null}},{"start":{"line":18,"column":24},"end":{"line":18,"column":null}}]},"3":{"loc":{"start":{"line":18,"column":6},"end":{"line":18,"column":24}},"type":"binary-expr","locations":[{"start":{"line":18,"column":6},"end":{"line":18,"column":null}},{"start":{"line":18,"column":6},"end":{"line":18,"column":24}}]},"4":{"loc":{"start":{"line":18,"column":24},"end":{"line":21,"column":null}},"type":"cond-expr","locations":[{"start":{"line":21,"column":18},"end":{"line":21,"column":null}},{"start":{"line":21,"column":18},"end":{"line":21,"column":null}}]},"5":{"loc":{"start":{"line":18,"column":24},"end":{"line":21,"column":18}},"type":"binary-expr","locations":[{"start":{"line":18,"column":24},"end":{"line":21,"column":null}},{"start":{"line":21,"column":6},"end":{"line":21,"column":18}}]}},"s":{"0":0,"1":0,"2":0,"3":0,"4":0,"5":0,"6":0},"f":{"0":0,"1":0},"b":{"0":[0,0],"1":[0,0],"2":[0,0],"3":[0,0],"4":[0,0],"5":[0,0]}}
,"C:\\Users\\Lenovo\\Documents\\opsdesk\\apps\\api\\src\\invitations\\invitations.controller.ts": {"path":"C:\\Users\\Lenovo\\Documents\\opsdesk\\apps\\api\\src\\invitations\\invitations.controller.ts","statementMap":{"0":{"start":{"line":33,"column":7},"end":{"line":108,"column":null}},"1":{"start":{"line":35,"column":21},"end":{"line":35,"column":null}},"2":{"start":{"line":48,"column":6},"end":{"line":48,"column":20}},"3":{"start":{"line":50,"column":4},"end":{"line":54,"column":5}},"4":{"start":{"line":51,"column":6},"end":{"line":53,"column":8}},"5":{"start":{"line":56,"column":4},"end":{"line":60,"column":6}},"6":{"start":{"line":69,"column":6},"end":{"line":69,"column":20}},"7":{"start":{"line":71,"column":4},"end":{"line":75,"column":5}},"8":{"start":{"line":72,"column":6},"end":{"line":74,"column":8}},"9":{"start":{"line":77,"column":4},"end":{"line":79,"column":6}},"10":{"start":{"line":95,"column":6},"end":{"line":95,"column":20}},"11":{"start":{"line":97,"column":4},"end":{"line":101,"column":5}},"12":{"start":{"line":98,"column":6},"end":{"line":100,"column":8}},"13":{"start":{"line":103,"column":4},"end":{"line":106,"column":6}},"14":{"start":{"line":40,"column":8},"end":{"line":61,"column":null}},"15":{"start":{"line":64,"column":8},"end":{"line":80,"column":null}},"16":{"start":{"line":84,"column":8},"end":{"line":107,"column":null}},"17":{"start":{"line":33,"column":13},"end":{"line":108,"column":null}}},"fnMap":{"0":{"name":"(anonymous_4)","decl":{"start":{"line":34,"column":2},"end":{"line":34,"column":null}},"loc":{"start":{"line":36,"column":24},"end":{"line":37,"column":6}}},"1":{"name":"(anonymous_5)","decl":{"start":{"line":40,"column":8},"end":{"line":40,"column":14}},"loc":{"start":{"line":45,"column":28},"end":{"line":61,"column":3}}},"2":{"name":"(anonymous_6)","decl":{"start":{"line":64,"column":8},"end":{"line":64,"column":12}},"loc":{"start":{"line":66,"column":39},"end":{"line":80,"column":3}}},"3":{"name":"(anonymous_7)","decl":{"start":{"line":84,"column":8},"end":{"line":84,"column":14}},"loc":{"start":{"line":92,"column":24},"end":{"line":107,"column":3}}}},"branchMap":{"0":{"loc":{"start":{"line":50,"column":4},"end":{"line":54,"column":5}},"type":"if","locations":[{"start":{"line":50,"column":4},"end":{"line":54,"column":5}},{"start":{},"end":{}}]},"1":{"loc":{"start":{"line":71,"column":4},"end":{"line":75,"column":5}},"type":"if","locations":[{"start":{"line":71,"column":4},"end":{"line":75,"column":5}},{"start":{},"end":{}}]},"2":{"loc":{"start":{"line":97,"column":4},"end":{"line":101,"column":5}},"type":"if","locations":[{"start":{"line":97,"column":4},"end":{"line":101,"column":5}},{"start":{},"end":{}}]},"3":{"loc":{"start":{"line":45,"column":9},"end":{"line":45,"column":null}},"type":"cond-expr","locations":[{"start":{"line":45,"column":28},"end":{"line":45,"column":null}},{"start":{"line":45,"column":28},"end":{"line":45,"column":null}}]},"4":{"loc":{"start":{"line":45,"column":9},"end":{"line":45,"column":28}},"type":"binary-expr","locations":[{"start":{"line":45,"column":9},"end":{"line":45,"column":null}},{"start":{"line":45,"column":9},"end":{"line":45,"column":28}}]},"5":{"loc":{"start":{"line":36,"column":6},"end":{"line":36,"column":null}},"type":"cond-expr","locations":[{"start":{"line":36,"column":24},"end":{"line":36,"column":null}},{"start":{"line":36,"column":24},"end":{"line":36,"column":null}}]},"6":{"loc":{"start":{"line":36,"column":6},"end":{"line":36,"column":24}},"type":"binary-expr","locations":[{"start":{"line":36,"column":6},"end":{"line":36,"column":null}},{"start":{"line":36,"column":6},"end":{"line":36,"column":24}}]}},"s":{"0":0,"1":0,"2":0,"3":0,"4":0,"5":0,"6":0,"7":0,"8":0,"9":0,"10":0,"11":0,"12":0,"13":0,"14":0,"15":0,"16":0,"17":0},"f":{"0":0,"1":0,"2":0,"3":0},"b":{"0":[0,0],"1":[0,0],"2":[0,0],"3":[0,0],"4":[0,0],"5":[0,0],"6":[0,0]}}
,"C:\\Users\\Lenovo\\Documents\\opsdesk\\apps\\api\\src\\invitations\\invitations.module.ts": {"path":"C:\\Users\\Lenovo\\Documents\\opsdesk\\apps\\api\\src\\invitations\\invitations.module.ts","statementMap":{"0":{"start":{"line":30,"column":7},"end":{"line":30,"column":null}},"1":{"start":{"line":30,"column":13},"end":{"line":30,"column":null}}},"fnMap":{},"branchMap":{},"s":{"0":0,"1":0},"f":{},"b":{}}
,"C:\\Users\\Lenovo\\Documents\\opsdesk\\apps\\api\\src\\invitations\\invitations.service.ts": {"path":"C:\\Users\\Lenovo\\Documents\\opsdesk\\apps\\api\\src\\invitations\\invitations.service.ts","statementMap":{"0":{"start":{"line":17,"column":2},"end":{"line":17,"column":25}},"1":{"start":{"line":20,"column":7},"end":{"line":557,"column":null}},"2":{"start":{"line":22,"column":21},"end":{"line":22,"column":29}},"3":{"start":{"line":30,"column":4},"end":{"line":33,"column":6}},"4":{"start":{"line":36,"column":6},"end":{"line":36,"column":32}},"5":{"start":{"line":39,"column":6},"end":{"line":40,"column":null}},"6":{"start":{"line":44,"column":8},"end":{"line":44,"column":29}},"7":{"start":{"line":46,"column":16},"end":{"line":46,"column":26}},"8":{"start":{"line":48,"column":22},"end":{"line":50,"column":null}},"9":{"start":{"line":54,"column":6},"end":{"line":161,"column":null}},"10":{"start":{"line":57,"column":12},"end":{"line":66,"column":14}},"11":{"start":{"line":68,"column":10},"end":{"line":90,"column":11}},"12":{"start":{"line":70,"column":14},"end":{"line":83,"column":16}},"13":{"start":{"line":85,"column":12},"end":{"line":89,"column":13}},"14":{"start":{"line":86,"column":14},"end":{"line":88,"column":16}},"15":{"start":{"line":93,"column":12},"end":{"line":112,"column":14}},"16":{"start":{"line":114,"column":10},"end":{"line":118,"column":11}},"17":{"start":{"line":115,"column":12},"end":{"line":117,"column":14}},"18":{"start":{"line":120,"column":10},"end":{"line":156,"column":13}},"19":{"start":{"line":164,"column":4},"end":{"line":172,"column":6}},"20":{"start":{"line":178,"column":4},"end":{"line":180,"column":19}},"21":{"start":{"line":187,"column":6},"end":{"line":214,"column":8}},"22":{"start":{"line":216,"column":4},"end":{"line":221,"column":6}},"23":{"start":{"line":218,"column":8},"end":{"line":219,"column":null}},"24":{"start":{"line":229,"column":6},"end":{"line":255,"column":8}},"25":{"start":{"line":257,"column":4},"end":{"line":261,"column":5}},"26":{"start":{"line":258,"column":6},"end":{"line":260,"column":8}},"27":{"start":{"line":263,"column":4},"end":{"line":266,"column":6}},"28":{"start":{"line":268,"column":4},"end":{"line":272,"column":5}},"29":{"start":{"line":269,"column":6},"end":{"line":271,"column":8}},"30":{"start":{"line":274,"column":4},"end":{"line":278,"column":5}},"31":{"start":{"line":275,"column":6},"end":{"line":277,"column":8}},"32":{"start":{"line":281,"column":6},"end":{"line":309,"column":8}},"33":{"start":{"line":311,"column":4},"end":{"line":313,"column":6}},"34":{"start":{"line":324,"column":4},"end":{"line":324,"column":25}},"35":{"start":{"line":327,"column":4},"end":{"line":327,"column":35}},"36":{"start":{"line":329,"column":14},"end":{"line":329,"column":24}},"37":{"start":{"line":331,"column":2},"end":{"line":484,"column":4}},"38":{"start":{"line":334,"column":8},"end":{"line":356,"column":10}},"39":{"start":{"line":358,"column":6},"end":{"line":362,"column":7}},"40":{"start":{"line":359,"column":8},"end":{"line":361,"column":10}},"41":{"start":{"line":364,"column":6},"end":{"line":371,"column":7}},"42":{"start":{"line":368,"column":8},"end":{"line":370,"column":10}},"43":{"start":{"line":373,"column":6},"end":{"line":377,"column":7}},"44":{"start":{"line":374,"column":8},"end":{"line":376,"column":10}},"45":{"start":{"line":379,"column":6},"end":{"line":383,"column":7}},"46":{"start":{"line":380,"column":8},"end":{"line":382,"column":10}},"47":{"start":{"line":385,"column":6},"end":{"line":391,"column":7}},"48":{"start":{"line":388,"column":8},"end":{"line":390,"column":10}},"49":{"start":{"line":394,"column":8},"end":{"line":406,"column":10}},"50":{"start":{"line":408,"column":6},"end":{"line":412,"column":7}},"51":{"start":{"line":409,"column":8},"end":{"line":411,"column":10}},"52":{"start":{"line":415,"column":8},"end":{"line":431,"column":10}},"53":{"start":{"line":433,"column":6},"end":{"line":437,"column":7}},"54":{"start":{"line":434,"column":8},"end":{"line":436,"column":10}},"55":{"start":{"line":440,"column":8},"end":{"line":461,"column":10}},"56":{"start":{"line":463,"column":6},"end":{"line":478,"column":8}},"57":{"start":{"line":491,"column":4},"end":{"line":493,"column":5}},"58":{"start":{"line":492,"column":6},"end":{"line":492,"column":13}},"59":{"start":{"line":495,"column":4},"end":{"line":499,"column":5}},"60":{"start":{"line":496,"column":6},"end":{"line":498,"column":8}},"61":{"start":{"line":501,"column":4},"end":{"line":508,"column":5}},"62":{"start":{"line":505,"column":6},"end":{"line":507,"column":8}},"63":{"start":{"line":526,"column":4},"end":{"line":532,"column":6}},"64":{"start":{"line":540,"column":4},"end":{"line":542,"column":5}},"65":{"start":{"line":541,"column":6},"end":{"line":541,"column":33}},"66":{"start":{"line":544,"column":4},"end":{"line":546,"column":5}},"67":{"start":{"line":545,"column":6},"end":{"line":545,"column":33}},"68":{"start":{"line":548,"column":4},"end":{"line":553,"column":5}},"69":{"start":{"line":552,"column":6},"end":{"line":552,"column":32}},"70":{"start":{"line":555,"column":4},"end":{"line":555,"column":30}},"71":{"start":{"line":20,"column":13},"end":{"line":557,"column":null}}},"fnMap":{"0":{"name":"(anonymous_2)","decl":{"start":{"line":21,"column":2},"end":{"line":21,"column":null}},"loc":{"start":{"line":22,"column":42},"end":{"line":23,"column":6}}},"1":{"name":"(anonymous_3)","decl":{"start":{"line":25,"column":2},"end":{"line":25,"column":7}},"loc":{"start":{"line":28,"column":14},"end":{"line":173,"column":3}}},"2":{"name":"(anonymous_4)","decl":{"start":{"line":55,"column":8},"end":{"line":55,"column":13}},"loc":{"start":{"line":55,"column":30},"end":{"line":157,"column":9}}},"3":{"name":"(anonymous_5)","decl":{"start":{"line":175,"column":12},"end":{"line":175,"column":21}},"loc":{"start":{"line":176,"column":21},"end":{"line":181,"column":1}}},"4":{"name":"(anonymous_6)","decl":{"start":{"line":183,"column":2},"end":{"line":183,"column":7}},"loc":{"start":{"line":184,"column":26},"end":{"line":222,"column":3}}},"5":{"name":"(anonymous_7)","decl":{"start":{"line":217,"column":6},"end":{"line":217,"column":7}},"loc":{"start":{"line":218,"column":8},"end":{"line":219,"column":null}}},"6":{"name":"(anonymous_8)","decl":{"start":{"line":224,"column":2},"end":{"line":224,"column":7}},"loc":{"start":{"line":226,"column":24},"end":{"line":314,"column":3}}},"7":{"name":"(anonymous_9)","decl":{"start":{"line":316,"column":2},"end":{"line":316,"column":7}},"loc":{"start":{"line":321,"column":15},"end":{"line":485,"column":1}}},"8":{"name":"(anonymous_10)","decl":{"start":{"line":332,"column":4},"end":{"line":332,"column":9}},"loc":{"start":{"line":332,"column":26},"end":{"line":479,"column":5}}},"9":{"name":"(anonymous_11)","decl":{"start":{"line":487,"column":10},"end":{"line":487,"column":27}},"loc":{"start":{"line":489,"column":24},"end":{"line":509,"column":3}}},"10":{"name":"(anonymous_12)","decl":{"start":{"line":511,"column":10},"end":{"line":511,"column":20}},"loc":{"start":{"line":525,"column":3},"end":{"line":533,"column":3}}},"11":{"name":"(anonymous_13)","decl":{"start":{"line":535,"column":10},"end":{"line":535,"column":19}},"loc":{"start":{"line":539,"column":3},"end":{"line":556,"column":3}}}},"branchMap":{"0":{"loc":{"start":{"line":68,"column":10},"end":{"line":90,"column":11}},"type":"if","locations":[{"start":{"line":68,"column":10},"end":{"line":90,"column":11}},{"start":{},"end":{}}]},"1":{"loc":{"start":{"line":85,"column":12},"end":{"line":89,"column":13}},"type":"if","locations":[{"start":{"line":85,"column":12},"end":{"line":89,"column":13}},{"start":{},"end":{}}]},"2":{"loc":{"start":{"line":114,"column":10},"end":{"line":118,"column":11}},"type":"if","locations":[{"start":{"line":114,"column":10},"end":{"line":118,"column":11}},{"start":{},"end":{}}]},"3":{"loc":{"start":{"line":257,"column":4},"end":{"line":261,"column":5}},"type":"if","locations":[{"start":{"line":257,"column":4},"end":{"line":261,"column":5}},{"start":{},"end":{}}]},"4":{"loc":{"start":{"line":268,"column":4},"end":{"line":272,"column":5}},"type":"if","locations":[{"start":{"line":268,"column":4},"end":{"line":272,"column":5}},{"start":{},"end":{}}]},"5":{"loc":{"start":{"line":274,"column":4},"end":{"line":278,"column":5}},"type":"if","locations":[{"start":{"line":274,"column":4},"end":{"line":278,"column":5}},{"start":{},"end":{}}]},"6":{"loc":{"start":{"line":358,"column":6},"end":{"line":362,"column":7}},"type":"if","locations":[{"start":{"line":358,"column":6},"end":{"line":362,"column":7}},{"start":{},"end":{}}]},"7":{"loc":{"start":{"line":364,"column":6},"end":{"line":371,"column":7}},"type":"if","locations":[{"start":{"line":364,"column":6},"end":{"line":371,"column":7}},{"start":{},"end":{}}]},"8":{"loc":{"start":{"line":373,"column":6},"end":{"line":377,"column":7}},"type":"if","locations":[{"start":{"line":373,"column":6},"end":{"line":377,"column":7}},{"start":{},"end":{}}]},"9":{"loc":{"start":{"line":379,"column":6},"end":{"line":383,"column":7}},"type":"if","locations":[{"start":{"line":379,"column":6},"end":{"line":383,"column":7}},{"start":{},"end":{}}]},"10":{"loc":{"start":{"line":385,"column":6},"end":{"line":391,"column":7}},"type":"if","locations":[{"start":{"line":385,"column":6},"end":{"line":391,"column":7}},{"start":{},"end":{}}]},"11":{"loc":{"start":{"line":408,"column":6},"end":{"line":412,"column":7}},"type":"if","locations":[{"start":{"line":408,"column":6},"end":{"line":412,"column":7}},{"start":{},"end":{}}]},"12":{"loc":{"start":{"line":433,"column":6},"end":{"line":437,"column":7}},"type":"if","locations":[{"start":{"line":433,"column":6},"end":{"line":437,"column":7}},{"start":{},"end":{}}]},"13":{"loc":{"start":{"line":491,"column":4},"end":{"line":493,"column":5}},"type":"if","locations":[{"start":{"line":491,"column":4},"end":{"line":493,"column":5}},{"start":{},"end":{}}]},"14":{"loc":{"start":{"line":495,"column":4},"end":{"line":499,"column":5}},"type":"if","locations":[{"start":{"line":495,"column":4},"end":{"line":499,"column":5}},{"start":{},"end":{}}]},"15":{"loc":{"start":{"line":501,"column":4},"end":{"line":508,"column":5}},"type":"if","locations":[{"start":{"line":501,"column":4},"end":{"line":508,"column":5}},{"start":{},"end":{}}]},"16":{"loc":{"start":{"line":502,"column":6},"end":{"line":503,"column":32}},"type":"binary-expr","locations":[{"start":{"line":502,"column":6},"end":{"line":502,"column":32}},{"start":{"line":503,"column":6},"end":{"line":503,"column":32}}]},"17":{"loc":{"start":{"line":540,"column":4},"end":{"line":542,"column":5}},"type":"if","locations":[{"start":{"line":540,"column":4},"end":{"line":542,"column":5}},{"start":{},"end":{}}]},"18":{"loc":{"start":{"line":544,"column":4},"end":{"line":546,"column":5}},"type":"if","locations":[{"start":{"line":544,"column":4},"end":{"line":546,"column":5}},{"start":{},"end":{}}]},"19":{"loc":{"start":{"line":548,"column":4},"end":{"line":553,"column":5}},"type":"if","locations":[{"start":{"line":548,"column":4},"end":{"line":553,"column":5}},{"start":{},"end":{}}]},"20":{"loc":{"start":{"line":22,"column":29},"end":{"line":22,"column":null}},"type":"cond-expr","locations":[{"start":{"line":22,"column":42},"end":{"line":22,"column":null}},{"start":{"line":22,"column":42},"end":{"line":22,"column":null}}]},"21":{"loc":{"start":{"line":22,"column":29},"end":{"line":22,"column":42}},"type":"binary-expr","locations":[{"start":{"line":22,"column":29},"end":{"line":22,"column":null}},{"start":{"line":22,"column":29},"end":{"line":22,"column":42}}]}},"s":{"0":1,"1":1,"2":19,"3":6,"4":3,"5":3,"6":3,"7":3,"8":3,"9":3,"10":3,"11":3,"12":1,"13":1,"14":1,"15":2,"16":2,"17":1,"18":1,"19":1,"20":11,"21":1,"22":1,"23":4,"24":5,"25":5,"26":1,"27":4,"28":3,"29":1,"30":2,"31":1,"32":1,"33":1,"34":8,"35":8,"36":8,"37":8,"38":8,"39":8,"40":1,"41":7,"42":1,"43":6,"44":1,"45":5,"46":1,"47":4,"48":1,"49":3,"50":3,"51":1,"52":2,"53":2,"54":1,"55":1,"56":1,"57":10,"58":6,"59":4,"60":1,"61":3,"62":3,"63":7,"64":7,"65":1,"66":6,"67":3,"68":3,"69":1,"70":2,"71":1},"f":{"0":19,"1":6,"2":3,"3":11,"4":1,"5":4,"6":5,"7":8,"8":8,"9":10,"10":7,"11":7},"b":{"0":[1,2],"1":[1,0],"2":[1,1],"3":[1,4],"4":[1,2],"5":[1,1],"6":[1,7],"7":[1,6],"8":[1,5],"9":[1,4],"10":[1,3],"11":[1,2],"12":[1,1],"13":[6,4],"14":[1,3],"15":[3,0],"16":[3,1],"17":[1,6],"18":[3,3],"19":[1,2],"20":[1,0],"21":[1,1]}}
,"C:\\Users\\Lenovo\\Documents\\opsdesk\\apps\\api\\src\\invitations\\dto\\accept-invitation.dto.ts": {"path":"C:\\Users\\Lenovo\\Documents\\opsdesk\\apps\\api\\src\\invitations\\dto\\accept-invitation.dto.ts","statementMap":{"0":{"start":{"line":17,"column":2},"end":{"line":17,"column":null}},"1":{"start":{"line":10,"column":4},"end":{"line":12,"column":13}}},"fnMap":{"0":{"name":"(anonymous_2)","decl":{"start":{"line":9,"column":13},"end":{"line":9,"column":14}},"loc":{"start":{"line":10,"column":4},"end":{"line":12,"column":13}}}},"branchMap":{"0":{"loc":{"start":{"line":10,"column":4},"end":{"line":12,"column":13}},"type":"cond-expr","locations":[{"start":{"line":11,"column":8},"end":{"line":11,"column":20}},{"start":{"line":12,"column":8},"end":{"line":12,"column":13}}]}},"s":{"0":0,"1":0},"f":{"0":0},"b":{"0":[0,0]}}
,"C:\\Users\\Lenovo\\Documents\\opsdesk\\apps\\api\\src\\invitations\\dto\\create-invitation.dto.ts": {"path":"C:\\Users\\Lenovo\\Documents\\opsdesk\\apps\\api\\src\\invitations\\dto\\create-invitation.dto.ts","statementMap":{"0":{"start":{"line":9,"column":24},"end":{"line":14,"column":37}},"1":{"start":{"line":23,"column":2},"end":{"line":23,"column":null}},"2":{"start":{"line":18,"column":4},"end":{"line":20,"column":13}},"3":{"start":{"line":26,"column":2},"end":{"line":26,"column":null}}},"fnMap":{"0":{"name":"(anonymous_2)","decl":{"start":{"line":17,"column":13},"end":{"line":17,"column":14}},"loc":{"start":{"line":18,"column":4},"end":{"line":20,"column":13}}}},"branchMap":{"0":{"loc":{"start":{"line":18,"column":4},"end":{"line":20,"column":13}},"type":"cond-expr","locations":[{"start":{"line":19,"column":8},"end":{"line":19,"column":34}},{"start":{"line":20,"column":8},"end":{"line":20,"column":13}}]}},"s":{"0":0,"1":0,"2":0,"3":0},"f":{"0":0},"b":{"0":[0,0]}}
,"C:\\Users\\Lenovo\\Documents\\opsdesk\\apps\\api\\src\\members\\members.controller.ts": {"path":"C:\\Users\\Lenovo\\Documents\\opsdesk\\apps\\api\\src\\members\\members.controller.ts","statementMap":{"0":{"start":{"line":28,"column":7},"end":{"line":87,"column":null}},"1":{"start":{"line":30,"column":21},"end":{"line":30,"column":null}},"2":{"start":{"line":42,"column":19},"end":{"line":42,"column":33}},"3":{"start":{"line":44,"column":4},"end":{"line":48,"column":5}},"4":{"start":{"line":45,"column":6},"end":{"line":47,"column":8}},"5":{"start":{"line":50,"column":4},"end":{"line":53,"column":8}},"6":{"start":{"line":73,"column":19},"end":{"line":73,"column":33}},"7":{"start":{"line":75,"column":4},"end":{"line":79,"column":5}},"8":{"start":{"line":76,"column":6},"end":{"line":78,"column":8}},"9":{"start":{"line":81,"column":4},"end":{"line":85,"column":6}},"10":{"start":{"line":38,"column":8},"end":{"line":54,"column":null}},"11":{"start":{"line":60,"column":8},"end":{"line":86,"column":null}},"12":{"start":{"line":28,"column":13},"end":{"line":87,"column":null}}},"fnMap":{"0":{"name":"(anonymous_4)","decl":{"start":{"line":29,"column":2},"end":{"line":29,"column":null}},"loc":{"start":{"line":31,"column":20},"end":{"line":32,"column":6}}},"1":{"name":"(anonymous_5)","decl":{"start":{"line":38,"column":8},"end":{"line":38,"column":12}},"loc":{"start":{"line":40,"column":39},"end":{"line":54,"column":3}}},"2":{"name":"(anonymous_6)","decl":{"start":{"line":60,"column":8},"end":{"line":60,"column":18}},"loc":{"start":{"line":71,"column":28},"end":{"line":86,"column":3}}}},"branchMap":{"0":{"loc":{"start":{"line":44,"column":4},"end":{"line":48,"column":5}},"type":"if","locations":[{"start":{"line":44,"column":4},"end":{"line":48,"column":5}},{"start":{},"end":{}}]},"1":{"loc":{"start":{"line":75,"column":4},"end":{"line":79,"column":5}},"type":"if","locations":[{"start":{"line":75,"column":4},"end":{"line":79,"column":5}},{"start":{},"end":{}}]},"2":{"loc":{"start":{"line":71,"column":9},"end":{"line":71,"column":null}},"type":"cond-expr","locations":[{"start":{"line":71,"column":28},"end":{"line":71,"column":null}},{"start":{"line":71,"column":28},"end":{"line":71,"column":null}}]},"3":{"loc":{"start":{"line":71,"column":9},"end":{"line":71,"column":28}},"type":"binary-expr","locations":[{"start":{"line":71,"column":9},"end":{"line":71,"column":null}},{"start":{"line":71,"column":9},"end":{"line":71,"column":28}}]},"4":{"loc":{"start":{"line":31,"column":6},"end":{"line":31,"column":null}},"type":"cond-expr","locations":[{"start":{"line":31,"column":20},"end":{"line":31,"column":null}},{"start":{"line":31,"column":20},"end":{"line":31,"column":null}}]},"5":{"loc":{"start":{"line":31,"column":6},"end":{"line":31,"column":20}},"type":"binary-expr","locations":[{"start":{"line":31,"column":6},"end":{"line":31,"column":null}},{"start":{"line":31,"column":6},"end":{"line":31,"column":20}}]}},"s":{"0":0,"1":0,"2":0,"3":0,"4":0,"5":0,"6":0,"7":0,"8":0,"9":0,"10":0,"11":0,"12":0},"f":{"0":0,"1":0,"2":0},"b":{"0":[0,0],"1":[0,0],"2":[0,0],"3":[0,0],"4":[0,0],"5":[0,0]}}
,"C:\\Users\\Lenovo\\Documents\\opsdesk\\apps\\api\\src\\members\\members.module.ts": {"path":"C:\\Users\\Lenovo\\Documents\\opsdesk\\apps\\api\\src\\members\\members.module.ts","statementMap":{"0":{"start":{"line":25,"column":7},"end":{"line":25,"column":null}},"1":{"start":{"line":25,"column":13},"end":{"line":25,"column":null}}},"fnMap":{},"branchMap":{},"s":{"0":0,"1":0},"f":{},"b":{}}
,"C:\\Users\\Lenovo\\Documents\\opsdesk\\apps\\api\\src\\members\\members.service.ts": {"path":"C:\\Users\\Lenovo\\Documents\\opsdesk\\apps\\api\\src\\members\\members.service.ts","statementMap":{"0":{"start":{"line":13,"column":7},"end":{"line":180,"column":null}},"1":{"start":{"line":15,"column":21},"end":{"line":15,"column":29}},"2":{"start":{"line":21,"column":4},"end":{"line":45,"column":7}},"3":{"start":{"line":53,"column":4},"end":{"line":144,"column":6}},"4":{"start":{"line":56,"column":10},"end":{"line":78,"column":12}},"5":{"start":{"line":80,"column":8},"end":{"line":84,"column":9}},"6":{"start":{"line":81,"column":10},"end":{"line":83,"column":12}},"7":{"start":{"line":86,"column":8},"end":{"line":90,"column":10}},"8":{"start":{"line":92,"column":8},"end":{"line":110,"column":9}},"9":{"start":{"line":97,"column":12},"end":{"line":103,"column":14}},"10":{"start":{"line":105,"column":10},"end":{"line":109,"column":11}},"11":{"start":{"line":106,"column":12},"end":{"line":108,"column":14}},"12":{"start":{"line":113,"column":10},"end":{"line":137,"column":12}},"13":{"start":{"line":139,"column":8},"end":{"line":139,"column":23}},"14":{"start":{"line":152,"column":4},"end":{"line":154,"column":5}},"15":{"start":{"line":153,"column":6},"end":{"line":153,"column":13}},"16":{"start":{"line":156,"column":4},"end":{"line":160,"column":5}},"17":{"start":{"line":157,"column":6},"end":{"line":159,"column":8}},"18":{"start":{"line":162,"column":4},"end":{"line":169,"column":5}},"19":{"start":{"line":166,"column":6},"end":{"line":168,"column":8}},"20":{"start":{"line":171,"column":4},"end":{"line":178,"column":5}},"21":{"start":{"line":175,"column":6},"end":{"line":177,"column":8}},"22":{"start":{"line":13,"column":13},"end":{"line":180,"column":null}}},"fnMap":{"0":{"name":"(anonymous_2)","decl":{"start":{"line":14,"column":2},"end":{"line":14,"column":null}},"loc":{"start":{"line":15,"column":42},"end":{"line":16,"column":6}}},"1":{"name":"(anonymous_3)","decl":{"start":{"line":18,"column":2},"end":{"line":18,"column":7}},"loc":{"start":{"line":19,"column":26},"end":{"line":46,"column":3}}},"2":{"name":"(anonymous_4)","decl":{"start":{"line":48,"column":2},"end":{"line":48,"column":7}},"loc":{"start":{"line":51,"column":17},"end":{"line":145,"column":3}}},"3":{"name":"(anonymous_5)","decl":{"start":{"line":54,"column":6},"end":{"line":54,"column":11}},"loc":{"start":{"line":54,"column":28},"end":{"line":140,"column":7}}},"4":{"name":"(anonymous_6)","decl":{"start":{"line":147,"column":10},"end":{"line":147,"column":33}},"loc":{"start":{"line":150,"column":17},"end":{"line":179,"column":3}}}},"branchMap":{"0":{"loc":{"start":{"line":80,"column":8},"end":{"line":84,"column":9}},"type":"if","locations":[{"start":{"line":80,"column":8},"end":{"line":84,"column":9}},{"start":{},"end":{}}]},"1":{"loc":{"start":{"line":92,"column":8},"end":{"line":110,"column":9}},"type":"if","locations":[{"start":{"line":92,"column":8},"end":{"line":110,"column":9}},{"start":{},"end":{}}]},"2":{"loc":{"start":{"line":93,"column":10},"end":{"line":94,"column":29}},"type":"binary-expr","locations":[{"start":{"line":93,"column":10},"end":{"line":93,"column":33}},{"start":{"line":94,"column":10},"end":{"line":94,"column":29}}]},"3":{"loc":{"start":{"line":105,"column":10},"end":{"line":109,"column":11}},"type":"if","locations":[{"start":{"line":105,"column":10},"end":{"line":109,"column":11}},{"start":{},"end":{}}]},"4":{"loc":{"start":{"line":152,"column":4},"end":{"line":154,"column":5}},"type":"if","locations":[{"start":{"line":152,"column":4},"end":{"line":154,"column":5}},{"start":{},"end":{}}]},"5":{"loc":{"start":{"line":156,"column":4},"end":{"line":160,"column":5}},"type":"if","locations":[{"start":{"line":156,"column":4},"end":{"line":160,"column":5}},{"start":{},"end":{}}]},"6":{"loc":{"start":{"line":162,"column":4},"end":{"line":169,"column":5}},"type":"if","locations":[{"start":{"line":162,"column":4},"end":{"line":169,"column":5}},{"start":{},"end":{}}]},"7":{"loc":{"start":{"line":163,"column":6},"end":{"line":164,"column":28}},"type":"binary-expr","locations":[{"start":{"line":163,"column":6},"end":{"line":163,"column":28}},{"start":{"line":164,"column":6},"end":{"line":164,"column":28}}]},"8":{"loc":{"start":{"line":171,"column":4},"end":{"line":178,"column":5}},"type":"if","locations":[{"start":{"line":171,"column":4},"end":{"line":178,"column":5}},{"start":{},"end":{}}]},"9":{"loc":{"start":{"line":172,"column":6},"end":{"line":173,"column":25}},"type":"binary-expr","locations":[{"start":{"line":172,"column":6},"end":{"line":172,"column":25}},{"start":{"line":173,"column":6},"end":{"line":173,"column":25}}]},"10":{"loc":{"start":{"line":15,"column":29},"end":{"line":15,"column":null}},"type":"cond-expr","locations":[{"start":{"line":15,"column":42},"end":{"line":15,"column":null}},{"start":{"line":15,"column":42},"end":{"line":15,"column":null}}]},"11":{"loc":{"start":{"line":15,"column":29},"end":{"line":15,"column":42}},"type":"binary-expr","locations":[{"start":{"line":15,"column":29},"end":{"line":15,"column":null}},{"start":{"line":15,"column":29},"end":{"line":15,"column":42}}]}},"s":{"0":1,"1":8,"2":1,"3":7,"4":7,"5":7,"6":1,"7":6,"8":4,"9":2,"10":2,"11":1,"12":3,"13":3,"14":6,"15":3,"16":3,"17":0,"18":3,"19":1,"20":2,"21":1,"22":1},"f":{"0":8,"1":1,"2":7,"3":7,"4":6},"b":{"0":[1,6],"1":[2,2],"2":[4,2],"3":[1,1],"4":[3,3],"5":[0,3],"6":[1,2],"7":[3,2],"8":[1,1],"9":[2,2],"10":[1,0],"11":[1,1]}}
,"C:\\Users\\Lenovo\\Documents\\opsdesk\\apps\\api\\src\\members\\dto\\update-member-role.dto.ts": {"path":"C:\\Users\\Lenovo\\Documents\\opsdesk\\apps\\api\\src\\members\\dto\\update-member-role.dto.ts","statementMap":{"0":{"start":{"line":5,"column":22},"end":{"line":10,"column":37}},"1":{"start":{"line":14,"column":2},"end":{"line":14,"column":null}}},"fnMap":{},"branchMap":{},"s":{"0":0,"1":0},"f":{},"b":{}}
,"C:\\Users\\Lenovo\\Documents\\opsdesk\\apps\\api\\src\\memberships\\memberships.module.ts": {"path":"C:\\Users\\Lenovo\\Documents\\opsdesk\\apps\\api\\src\\memberships\\memberships.module.ts","statementMap":{"0":{"start":{"line":13,"column":7},"end":{"line":13,"column":null}},"1":{"start":{"line":13,"column":13},"end":{"line":13,"column":null}}},"fnMap":{},"branchMap":{},"s":{"0":0,"1":0},"f":{},"b":{}}
,"C:\\Users\\Lenovo\\Documents\\opsdesk\\apps\\api\\src\\memberships\\memberships.service.ts": {"path":"C:\\Users\\Lenovo\\Documents\\opsdesk\\apps\\api\\src\\memberships\\memberships.service.ts","statementMap":{"0":{"start":{"line":6,"column":7},"end":{"line":61,"column":null}},"1":{"start":{"line":8,"column":21},"end":{"line":8,"column":29}},"2":{"start":{"line":15,"column":4},"end":{"line":25,"column":7}},"3":{"start":{"line":29,"column":4},"end":{"line":39,"column":7}},"4":{"start":{"line":47,"column":6},"end":{"line":57,"column":8}},"5":{"start":{"line":59,"column":4},"end":{"line":59,"column":31}},"6":{"start":{"line":6,"column":13},"end":{"line":61,"column":null}}},"fnMap":{"0":{"name":"(anonymous_2)","decl":{"start":{"line":7,"column":2},"end":{"line":7,"column":null}},"loc":{"start":{"line":8,"column":42},"end":{"line":9,"column":6}}},"1":{"name":"(anonymous_3)","decl":{"start":{"line":11,"column":2},"end":{"line":11,"column":7}},"loc":{"start":{"line":13,"column":26},"end":{"line":26,"column":3}}},"2":{"name":"(anonymous_4)","decl":{"start":{"line":28,"column":2},"end":{"line":28,"column":7}},"loc":{"start":{"line":28,"column":34},"end":{"line":40,"column":3}}},"3":{"name":"(anonymous_5)","decl":{"start":{"line":42,"column":2},"end":{"line":42,"column":7}},"loc":{"start":{"line":44,"column":26},"end":{"line":60,"column":3}}}},"branchMap":{"0":{"loc":{"start":{"line":8,"column":29},"end":{"line":8,"column":null}},"type":"cond-expr","locations":[{"start":{"line":8,"column":42},"end":{"line":8,"column":null}},{"start":{"line":8,"column":42},"end":{"line":8,"column":null}}]},"1":{"loc":{"start":{"line":8,"column":29},"end":{"line":8,"column":42}},"type":"binary-expr","locations":[{"start":{"line":8,"column":29},"end":{"line":8,"column":null}},{"start":{"line":8,"column":29},"end":{"line":8,"column":42}}]}},"s":{"0":3,"1":5,"2":2,"3":1,"4":2,"5":2,"6":3},"f":{"0":5,"1":2,"2":1,"3":2},"b":{"0":[3,0],"1":[3,3]}}
,"C:\\Users\\Lenovo\\Documents\\opsdesk\\apps\\api\\src\\organizations\\organizations.controller.ts": {"path":"C:\\Users\\Lenovo\\Documents\\opsdesk\\apps\\api\\src\\organizations\\organizations.controller.ts","statementMap":{"0":{"start":{"line":19,"column":7},"end":{"line":84,"column":null}},"1":{"start":{"line":21,"column":21},"end":{"line":21,"column":43}},"2":{"start":{"line":22,"column":21},"end":{"line":22,"column":35}},"3":{"start":{"line":31,"column":6},"end":{"line":32,"column":null}},"4":{"start":{"line":35,"column":4},"end":{"line":38,"column":6}},"5":{"start":{"line":46,"column":6},"end":{"line":47,"column":null}},"6":{"start":{"line":50,"column":4},"end":{"line":52,"column":6}},"7":{"start":{"line":60,"column":19},"end":{"line":60,"column":33}},"8":{"start":{"line":62,"column":4},"end":{"line":66,"column":5}},"9":{"start":{"line":63,"column":6},"end":{"line":65,"column":8}},"10":{"start":{"line":69,"column":6},"end":{"line":70,"column":null}},"11":{"start":{"line":73,"column":4},"end":{"line":77,"column":5}},"12":{"start":{"line":74,"column":6},"end":{"line":76,"column":8}},"13":{"start":{"line":79,"column":4},"end":{"line":82,"column":6}},"14":{"start":{"line":26,"column":8},"end":{"line":39,"column":null}},"15":{"start":{"line":42,"column":8},"end":{"line":53,"column":null}},"16":{"start":{"line":57,"column":8},"end":{"line":83,"column":null}},"17":{"start":{"line":19,"column":13},"end":{"line":84,"column":null}}},"fnMap":{"0":{"name":"(anonymous_4)","decl":{"start":{"line":20,"column":2},"end":{"line":20,"column":null}},"loc":{"start":{"line":22,"column":47},"end":{"line":23,"column":6}}},"1":{"name":"(anonymous_5)","decl":{"start":{"line":26,"column":8},"end":{"line":26,"column":14}},"loc":{"start":{"line":28,"column":38},"end":{"line":39,"column":3}}},"2":{"name":"(anonymous_6)","decl":{"start":{"line":42,"column":8},"end":{"line":42,"column":12}},"loc":{"start":{"line":43,"column":40},"end":{"line":53,"column":3}}},"3":{"name":"(anonymous_7)","decl":{"start":{"line":57,"column":8},"end":{"line":57,"column":14}},"loc":{"start":{"line":58,"column":46},"end":{"line":83,"column":3}}}},"branchMap":{"0":{"loc":{"start":{"line":62,"column":4},"end":{"line":66,"column":5}},"type":"if","locations":[{"start":{"line":62,"column":4},"end":{"line":66,"column":5}},{"start":{},"end":{}}]},"1":{"loc":{"start":{"line":73,"column":4},"end":{"line":77,"column":5}},"type":"if","locations":[{"start":{"line":73,"column":4},"end":{"line":77,"column":5}},{"start":{},"end":{}}]},"2":{"loc":{"start":{"line":28,"column":17},"end":{"line":28,"column":null}},"type":"cond-expr","locations":[{"start":{"line":28,"column":38},"end":{"line":28,"column":null}},{"start":{"line":28,"column":38},"end":{"line":28,"column":null}}]},"3":{"loc":{"start":{"line":28,"column":17},"end":{"line":28,"column":38}},"type":"binary-expr","locations":[{"start":{"line":28,"column":17},"end":{"line":28,"column":null}},{"start":{"line":28,"column":17},"end":{"line":28,"column":38}}]},"4":{"loc":{"start":{"line":21,"column":43},"end":{"line":21,"column":null}},"type":"cond-expr","locations":[{"start":{"line":21,"column":63},"end":{"line":21,"column":null}},{"start":{"line":21,"column":63},"end":{"line":21,"column":null}}]},"5":{"loc":{"start":{"line":21,"column":43},"end":{"line":21,"column":63}},"type":"binary-expr","locations":[{"start":{"line":21,"column":43},"end":{"line":21,"column":null}},{"start":{"line":21,"column":43},"end":{"line":21,"column":63}}]},"6":{"loc":{"start":{"line":21,"column":63},"end":{"line":22,"column":null}},"type":"cond-expr","locations":[{"start":{"line":22,"column":47},"end":{"line":22,"column":null}},{"start":{"line":22,"column":47},"end":{"line":22,"column":null}}]},"7":{"loc":{"start":{"line":21,"column":63},"end":{"line":22,"column":47}},"type":"binary-expr","locations":[{"start":{"line":21,"column":63},"end":{"line":22,"column":null}},{"start":{"line":22,"column":35},"end":{"line":22,"column":47}}]}},"s":{"0":0,"1":0,"2":0,"3":0,"4":0,"5":0,"6":0,"7":0,"8":0,"9":0,"10":0,"11":0,"12":0,"13":0,"14":0,"15":0,"16":0,"17":0},"f":{"0":0,"1":0,"2":0,"3":0},"b":{"0":[0,0],"1":[0,0],"2":[0,0],"3":[0,0],"4":[0,0],"5":[0,0],"6":[0,0],"7":[0,0]}}
,"C:\\Users\\Lenovo\\Documents\\opsdesk\\apps\\api\\src\\organizations\\organizations.module.ts": {"path":"C:\\Users\\Lenovo\\Documents\\opsdesk\\apps\\api\\src\\organizations\\organizations.module.ts","statementMap":{"0":{"start":{"line":27,"column":7},"end":{"line":27,"column":null}},"1":{"start":{"line":27,"column":13},"end":{"line":27,"column":null}}},"fnMap":{},"branchMap":{},"s":{"0":0,"1":0},"f":{},"b":{}}
,"C:\\Users\\Lenovo\\Documents\\opsdesk\\apps\\api\\src\\organizations\\organizations.service.ts": {"path":"C:\\Users\\Lenovo\\Documents\\opsdesk\\apps\\api\\src\\organizations\\organizations.service.ts","statementMap":{"0":{"start":{"line":9,"column":7},"end":{"line":109,"column":null}},"1":{"start":{"line":11,"column":19},"end":{"line":11,"column":27}},"2":{"start":{"line":12,"column":19},"end":{"line":12,"column":null}},"3":{"start":{"line":20,"column":17},"end":{"line":20,"column":40}},"4":{"start":{"line":22,"column":4},"end":{"line":53,"column":6}},"5":{"start":{"line":25,"column":10},"end":{"line":30,"column":12}},"6":{"start":{"line":33,"column":10},"end":{"line":40,"column":12}},"7":{"start":{"line":42,"column":8},"end":{"line":51,"column":10}},"8":{"start":{"line":58,"column":4},"end":{"line":59,"column":null}},"9":{"start":{"line":62,"column":2},"end":{"line":73,"column":4}},"10":{"start":{"line":63,"column":33},"end":{"line":72,"column":6}},"11":{"start":{"line":79,"column":2},"end":{"line":91,"column":5}},"12":{"start":{"line":95,"column":17},"end":{"line":101,"column":19}},"13":{"start":{"line":103,"column":19},"end":{"line":103,"column":43}},"14":{"start":{"line":105,"column":4},"end":{"line":107,"column":17}},"15":{"start":{"line":9,"column":13},"end":{"line":109,"column":null}}},"fnMap":{"0":{"name":"(anonymous_2)","decl":{"start":{"line":10,"column":2},"end":{"line":10,"column":null}},"loc":{"start":{"line":13,"column":22},"end":{"line":14,"column":4}}},"1":{"name":"(anonymous_3)","decl":{"start":{"line":16,"column":2},"end":{"line":16,"column":7}},"loc":{"start":{"line":18,"column":16},"end":{"line":54,"column":3}}},"2":{"name":"(anonymous_4)","decl":{"start":{"line":23,"column":6},"end":{"line":23,"column":11}},"loc":{"start":{"line":23,"column":28},"end":{"line":52,"column":7}}},"3":{"name":"(anonymous_5)","decl":{"start":{"line":56,"column":2},"end":{"line":56,"column":7}},"loc":{"start":{"line":56,"column":34},"end":{"line":74,"column":1}}},"4":{"name":"(anonymous_6)","decl":{"start":{"line":63,"column":4},"end":{"line":63,"column":5}},"loc":{"start":{"line":63,"column":33},"end":{"line":72,"column":6}}},"5":{"name":"(anonymous_7)","decl":{"start":{"line":76,"column":2},"end":{"line":76,"column":7}},"loc":{"start":{"line":77,"column":24},"end":{"line":92,"column":1}}},"6":{"name":"(anonymous_8)","decl":{"start":{"line":94,"column":10},"end":{"line":94,"column":22}},"loc":{"start":{"line":94,"column":35},"end":{"line":108,"column":3}}}},"branchMap":{"0":{"loc":{"start":{"line":106,"column":6},"end":{"line":106,"column":null}},"type":"binary-expr","locations":[{"start":{"line":106,"column":6},"end":{"line":106,"column":10}},{"start":{"line":106,"column":14},"end":{"line":106,"column":null}}]},"1":{"loc":{"start":{"line":11,"column":27},"end":{"line":11,"column":null}},"type":"cond-expr","locations":[{"start":{"line":11,"column":40},"end":{"line":11,"column":null}},{"start":{"line":11,"column":40},"end":{"line":11,"column":null}}]},"2":{"loc":{"start":{"line":11,"column":27},"end":{"line":11,"column":40}},"type":"binary-expr","locations":[{"start":{"line":11,"column":27},"end":{"line":11,"column":null}},{"start":{"line":11,"column":27},"end":{"line":11,"column":40}}]},"3":{"loc":{"start":{"line":11,"column":40},"end":{"line":13,"column":null}},"type":"cond-expr","locations":[{"start":{"line":13,"column":22},"end":{"line":13,"column":null}},{"start":{"line":13,"column":22},"end":{"line":13,"column":null}}]},"4":{"loc":{"start":{"line":11,"column":40},"end":{"line":13,"column":22}},"type":"binary-expr","locations":[{"start":{"line":11,"column":40},"end":{"line":13,"column":null}},{"start":{"line":13,"column":4},"end":{"line":13,"column":22}}]}},"s":{"0":0,"1":0,"2":0,"3":0,"4":0,"5":0,"6":0,"7":0,"8":0,"9":0,"10":0,"11":0,"12":0,"13":0,"14":0,"15":0},"f":{"0":0,"1":0,"2":0,"3":0,"4":0,"5":0,"6":0},"b":{"0":[0,0],"1":[0,0],"2":[0,0],"3":[0,0],"4":[0,0]}}
,"C:\\Users\\Lenovo\\Documents\\opsdesk\\apps\\api\\src\\organizations\\dto\\create-organization.dto.ts": {"path":"C:\\Users\\Lenovo\\Documents\\opsdesk\\apps\\api\\src\\organizations\\dto\\create-organization.dto.ts","statementMap":{"0":{"start":{"line":17,"column":2},"end":{"line":17,"column":null}},"1":{"start":{"line":10,"column":4},"end":{"line":12,"column":13}}},"fnMap":{"0":{"name":"(anonymous_2)","decl":{"start":{"line":9,"column":13},"end":{"line":9,"column":14}},"loc":{"start":{"line":10,"column":4},"end":{"line":12,"column":13}}}},"branchMap":{"0":{"loc":{"start":{"line":10,"column":4},"end":{"line":12,"column":13}},"type":"cond-expr","locations":[{"start":{"line":11,"column":8},"end":{"line":11,"column":20}},{"start":{"line":12,"column":8},"end":{"line":12,"column":13}}]}},"s":{"0":0,"1":0},"f":{"0":0},"b":{"0":[0,0]}}
,"C:\\Users\\Lenovo\\Documents\\opsdesk\\apps\\api\\src\\rbac\\permission.guard.ts": {"path":"C:\\Users\\Lenovo\\Documents\\opsdesk\\apps\\api\\src\\rbac\\permission.guard.ts","statementMap":{"0":{"start":{"line":15,"column":7},"end":{"line":72,"column":null}},"1":{"start":{"line":19,"column":21},"end":{"line":19,"column":32}},"2":{"start":{"line":20,"column":21},"end":{"line":20,"column":null}},"3":{"start":{"line":28,"column":6},"end":{"line":34,"column":null}},"4":{"start":{"line":37,"column":4},"end":{"line":42,"column":5}},"5":{"start":{"line":41,"column":6},"end":{"line":41,"column":18}},"6":{"start":{"line":45,"column":6},"end":{"line":47,"column":49}},"7":{"start":{"line":49,"column":19},"end":{"line":49,"column":33}},"8":{"start":{"line":51,"column":4},"end":{"line":55,"column":5}},"9":{"start":{"line":52,"column":6},"end":{"line":54,"column":8}},"10":{"start":{"line":58,"column":6},"end":{"line":61,"column":null}},"11":{"start":{"line":64,"column":4},"end":{"line":68,"column":5}},"12":{"start":{"line":65,"column":6},"end":{"line":67,"column":8}},"13":{"start":{"line":70,"column":4},"end":{"line":70,"column":16}},"14":{"start":{"line":15,"column":13},"end":{"line":72,"column":null}}},"fnMap":{"0":{"name":"(anonymous_2)","decl":{"start":{"line":18,"column":2},"end":{"line":18,"column":null}},"loc":{"start":{"line":21,"column":24},"end":{"line":22,"column":6}}},"1":{"name":"(anonymous_3)","decl":{"start":{"line":24,"column":2},"end":{"line":24,"column":13}},"loc":{"start":{"line":25,"column":29},"end":{"line":71,"column":3}}}},"branchMap":{"0":{"loc":{"start":{"line":37,"column":4},"end":{"line":42,"column":5}},"type":"if","locations":[{"start":{"line":37,"column":4},"end":{"line":42,"column":5}},{"start":{},"end":{}}]},"1":{"loc":{"start":{"line":38,"column":6},"end":{"line":39,"column":38}},"type":"binary-expr","locations":[{"start":{"line":38,"column":6},"end":{"line":38,"column":26}},{"start":{"line":39,"column":6},"end":{"line":39,"column":38}}]},"2":{"loc":{"start":{"line":51,"column":4},"end":{"line":55,"column":5}},"type":"if","locations":[{"start":{"line":51,"column":4},"end":{"line":55,"column":5}},{"start":{},"end":{}}]},"3":{"loc":{"start":{"line":64,"column":4},"end":{"line":68,"column":5}},"type":"if","locations":[{"start":{"line":64,"column":4},"end":{"line":68,"column":5}},{"start":{},"end":{}}]},"4":{"loc":{"start":{"line":19,"column":32},"end":{"line":19,"column":null}},"type":"cond-expr","locations":[{"start":{"line":19,"column":41},"end":{"line":19,"column":null}},{"start":{"line":19,"column":41},"end":{"line":19,"column":null}}]},"5":{"loc":{"start":{"line":19,"column":32},"end":{"line":19,"column":41}},"type":"binary-expr","locations":[{"start":{"line":19,"column":32},"end":{"line":19,"column":null}},{"start":{"line":19,"column":32},"end":{"line":19,"column":41}}]},"6":{"loc":{"start":{"line":19,"column":41},"end":{"line":21,"column":null}},"type":"cond-expr","locations":[{"start":{"line":21,"column":24},"end":{"line":21,"column":null}},{"start":{"line":21,"column":24},"end":{"line":21,"column":null}}]},"7":{"loc":{"start":{"line":19,"column":41},"end":{"line":21,"column":24}},"type":"binary-expr","locations":[{"start":{"line":19,"column":41},"end":{"line":21,"column":null}},{"start":{"line":21,"column":6},"end":{"line":21,"column":24}}]}},"s":{"0":1,"1":5,"2":5,"3":5,"4":5,"5":1,"6":4,"7":4,"8":4,"9":1,"10":3,"11":3,"12":1,"13":2,"14":1},"f":{"0":5,"1":5},"b":{"0":[1,4],"1":[5,4],"2":[1,3],"3":[1,2],"4":[1,0],"5":[1,1],"6":[1,0],"7":[1,1]}}
,"C:\\Users\\Lenovo\\Documents\\opsdesk\\apps\\api\\src\\rbac\\permissions.service.ts": {"path":"C:\\Users\\Lenovo\\Documents\\opsdesk\\apps\\api\\src\\rbac\\permissions.service.ts","statementMap":{"0":{"start":{"line":8,"column":7},"end":{"line":31,"column":null}},"1":{"start":{"line":14,"column":6},"end":{"line":14,"column":28}},"2":{"start":{"line":16,"column":4},"end":{"line":16,"column":48}},"3":{"start":{"line":23,"column":4},"end":{"line":29,"column":6}},"4":{"start":{"line":25,"column":8},"end":{"line":27,"column":null}},"5":{"start":{"line":8,"column":13},"end":{"line":31,"column":null}}},"fnMap":{"0":{"name":"(anonymous_1)","decl":{"start":{"line":9,"column":2},"end":{"line":9,"column":15}},"loc":{"start":{"line":11,"column":26},"end":{"line":17,"column":3}}},"1":{"name":"(anonymous_2)","decl":{"start":{"line":19,"column":2},"end":{"line":19,"column":19}},"loc":{"start":{"line":21,"column":38},"end":{"line":30,"column":3}}},"2":{"name":"(anonymous_3)","decl":{"start":{"line":24,"column":6},"end":{"line":24,"column":7}},"loc":{"start":{"line":25,"column":8},"end":{"line":27,"column":null}}}},"branchMap":{},"s":{"0":2,"1":9,"2":9,"3":2,"4":4,"5":2},"f":{"0":9,"1":2,"2":4},"b":{}}
,"C:\\Users\\Lenovo\\Documents\\opsdesk\\apps\\api\\src\\rbac\\permissions.ts": {"path":"C:\\Users\\Lenovo\\Documents\\opsdesk\\apps\\api\\src\\rbac\\permissions.ts","statementMap":{"0":{"start":{"line":1,"column":27},"end":{"line":6,"column":11}}},"fnMap":{},"branchMap":{},"s":{"0":2},"f":{},"b":{}}
,"C:\\Users\\Lenovo\\Documents\\opsdesk\\apps\\api\\src\\rbac\\rbac.module.ts": {"path":"C:\\Users\\Lenovo\\Documents\\opsdesk\\apps\\api\\src\\rbac\\rbac.module.ts","statementMap":{"0":{"start":{"line":16,"column":7},"end":{"line":16,"column":null}},"1":{"start":{"line":16,"column":13},"end":{"line":16,"column":null}}},"fnMap":{},"branchMap":{},"s":{"0":0,"1":0},"f":{},"b":{}}
,"C:\\Users\\Lenovo\\Documents\\opsdesk\\apps\\api\\src\\rbac\\require-permissions.decorator.ts": {"path":"C:\\Users\\Lenovo\\Documents\\opsdesk\\apps\\api\\src\\rbac\\require-permissions.decorator.ts","statementMap":{"0":{"start":{"line":6,"column":2},"end":{"line":6,"column":23}},"1":{"start":{"line":8,"column":34},"end":{"line":13,"column":null}},"2":{"start":{"line":11,"column":2},"end":{"line":13,"column":null}}},"fnMap":{"0":{"name":"(anonymous_0)","decl":{"start":{"line":8,"column":34},"end":{"line":8,"column":null}},"loc":{"start":{"line":11,"column":2},"end":{"line":13,"column":null}}}},"branchMap":{},"s":{"0":1,"1":1,"2":0},"f":{"0":0},"b":{}}
,"C:\\Users\\Lenovo\\Documents\\opsdesk\\apps\\api\\src\\rbac\\role-permissions.ts": {"path":"C:\\Users\\Lenovo\\Documents\\opsdesk\\apps\\api\\src\\rbac\\role-permissions.ts","statementMap":{"0":{"start":{"line":7,"column":32},"end":{"line":30,"column":2}}},"fnMap":{},"branchMap":{},"s":{"0":2},"f":{},"b":{}}
,"C:\\Users\\Lenovo\\Documents\\opsdesk\\apps\\api\\src\\redis\\redis.module.ts": {"path":"C:\\Users\\Lenovo\\Documents\\opsdesk\\apps\\api\\src\\redis\\redis.module.ts","statementMap":{"0":{"start":{"line":9,"column":7},"end":{"line":9,"column":null}},"1":{"start":{"line":9,"column":13},"end":{"line":9,"column":null}}},"fnMap":{},"branchMap":{},"s":{"0":0,"1":0},"f":{},"b":{}}
,"C:\\Users\\Lenovo\\Documents\\opsdesk\\apps\\api\\src\\redis\\redis.service.ts": {"path":"C:\\Users\\Lenovo\\Documents\\opsdesk\\apps\\api\\src\\redis\\redis.service.ts","statementMap":{"0":{"start":{"line":10,"column":7},"end":{"line":37,"column":null}},"1":{"start":{"line":13,"column":31},"end":{"line":13,"column":46}},"2":{"start":{"line":14,"column":21},"end":{"line":14,"column":71}},"3":{"start":{"line":16,"column":4},"end":{"line":19,"column":7}},"4":{"start":{"line":23,"column":4},"end":{"line":23,"column":32}},"5":{"start":{"line":27,"column":4},"end":{"line":27,"column":29}},"6":{"start":{"line":31,"column":4},"end":{"line":31,"column":23}},"7":{"start":{"line":35,"column":4},"end":{"line":35,"column":30}},"8":{"start":{"line":10,"column":13},"end":{"line":37,"column":null}}},"fnMap":{"0":{"name":"(anonymous_2)","decl":{"start":{"line":13,"column":2},"end":{"line":13,"column":31}},"loc":{"start":{"line":13,"column":59},"end":{"line":20,"column":3}}},"1":{"name":"(anonymous_3)","decl":{"start":{"line":22,"column":2},"end":{"line":22,"column":7}},"loc":{"start":{"line":22,"column":20},"end":{"line":24,"column":3}}},"2":{"name":"(anonymous_4)","decl":{"start":{"line":26,"column":2},"end":{"line":26,"column":7}},"loc":{"start":{"line":26,"column":23},"end":{"line":28,"column":3}}},"3":{"name":"(anonymous_5)","decl":{"start":{"line":30,"column":2},"end":{"line":30,"column":11}},"loc":{"start":{"line":30,"column":11},"end":{"line":32,"column":3}}},"4":{"name":"(anonymous_6)","decl":{"start":{"line":34,"column":2},"end":{"line":34,"column":7}},"loc":{"start":{"line":34,"column":12},"end":{"line":36,"column":3}}}},"branchMap":{"0":{"loc":{"start":{"line":13,"column":46},"end":{"line":13,"column":null}},"type":"cond-expr","locations":[{"start":{"line":13,"column":59},"end":{"line":13,"column":null}},{"start":{"line":13,"column":59},"end":{"line":13,"column":null}}]},"1":{"loc":{"start":{"line":13,"column":46},"end":{"line":13,"column":59}},"type":"binary-expr","locations":[{"start":{"line":13,"column":46},"end":{"line":13,"column":null}},{"start":{"line":13,"column":46},"end":{"line":13,"column":59}}]}},"s":{"0":0,"1":0,"2":0,"3":0,"4":0,"5":0,"6":0,"7":0,"8":0},"f":{"0":0,"1":0,"2":0,"3":0,"4":0},"b":{"0":[0,0],"1":[0,0]}}
,"C:\\Users\\Lenovo\\Documents\\opsdesk\\apps\\api\\src\\tenancy\\tenancy.e2e-spec.ts": {"path":"C:\\Users\\Lenovo\\Documents\\opsdesk\\apps\\api\\src\\tenancy\\tenancy.e2e-spec.ts","statementMap":{"0":{"start":{"line":29,"column":2},"end":{"line":29,"column":40}},"1":{"start":{"line":32,"column":2},"end":{"line":32,"column":40}},"2":{"start":{"line":35,"column":2},"end":{"line":35,"column":40}},"3":{"start":{"line":38,"column":2},"end":{"line":38,"column":40}},"4":{"start":{"line":41,"column":0},"end":{"line":85,"column":null}},"5":{"start":{"line":46,"column":6},"end":{"line":48,"column":49}},"6":{"start":{"line":51,"column":6},"end":{"line":51,"column":35}},"7":{"start":{"line":53,"column":4},"end":{"line":65,"column":5}},"8":{"start":{"line":57,"column":6},"end":{"line":59,"column":8}},"9":{"start":{"line":61,"column":6},"end":{"line":62,"column":23}},"10":{"start":{"line":64,"column":6},"end":{"line":64,"column":18}},"11":{"start":{"line":67,"column":4},"end":{"line":79,"column":5}},"12":{"start":{"line":71,"column":6},"end":{"line":73,"column":8}},"13":{"start":{"line":75,"column":6},"end":{"line":76,"column":23}},"14":{"start":{"line":78,"column":6},"end":{"line":78,"column":18}},"15":{"start":{"line":81,"column":4},"end":{"line":83,"column":6}},"16":{"start":{"line":41,"column":6},"end":{"line":85,"column":null}},"17":{"start":{"line":87,"column":0},"end":{"line":390,"column":3}},"18":{"start":{"line":91,"column":4},"end":{"line":91,"column":13}},"19":{"start":{"line":94,"column":4},"end":{"line":94,"column":13}},"20":{"start":{"line":97,"column":4},"end":{"line":97,"column":13}},"21":{"start":{"line":99,"column":2},"end":{"line":255,"column":5}},"22":{"start":{"line":100,"column":4},"end":{"line":126,"column":6}},"23":{"start":{"line":104,"column":8},"end":{"line":111,"column":9}},"24":{"start":{"line":108,"column":10},"end":{"line":110,"column":12}},"25":{"start":{"line":113,"column":8},"end":{"line":120,"column":9}},"26":{"start":{"line":117,"column":10},"end":{"line":119,"column":12}},"27":{"start":{"line":122,"column":8},"end":{"line":124,"column":10}},"28":{"start":{"line":128,"column":4},"end":{"line":169,"column":6}},"29":{"start":{"line":133,"column":8},"end":{"line":148,"column":9}},"30":{"start":{"line":137,"column":10},"end":{"line":147,"column":12}},"31":{"start":{"line":150,"column":8},"end":{"line":165,"column":9}},"32":{"start":{"line":154,"column":10},"end":{"line":164,"column":12}},"33":{"start":{"line":167,"column":8},"end":{"line":167,"column":20}},"34":{"start":{"line":171,"column":4},"end":{"line":209,"column":6}},"35":{"start":{"line":175,"column":8},"end":{"line":189,"column":9}},"36":{"start":{"line":178,"column":10},"end":{"line":188,"column":12}},"37":{"start":{"line":191,"column":8},"end":{"line":205,"column":9}},"38":{"start":{"line":194,"column":10},"end":{"line":204,"column":12}},"39":{"start":{"line":207,"column":8},"end":{"line":207,"column":20}},"40":{"start":{"line":212,"column":6},"end":{"line":245,"column":18}},"41":{"start":{"line":247,"column":4},"end":{"line":248,"column":40}},"42":{"start":{"line":250,"column":4},"end":{"line":252,"column":6}},"43":{"start":{"line":254,"column":4},"end":{"line":254,"column":21}},"44":{"start":{"line":257,"column":2},"end":{"line":259,"column":5}},"45":{"start":{"line":258,"column":4},"end":{"line":258,"column":25}},"46":{"start":{"line":261,"column":2},"end":{"line":263,"column":5}},"47":{"start":{"line":262,"column":4},"end":{"line":262,"column":22}},"48":{"start":{"line":265,"column":2},"end":{"line":290,"column":5}},"49":{"start":{"line":267,"column":6},"end":{"line":277,"column":20}},"50":{"start":{"line":279,"column":4},"end":{"line":283,"column":7}},"51":{"start":{"line":285,"column":4},"end":{"line":289,"column":6}},"52":{"start":{"line":292,"column":2},"end":{"line":315,"column":5}},"53":{"start":{"line":293,"column":4},"end":{"line":303,"column":19}},"54":{"start":{"line":305,"column":4},"end":{"line":310,"column":6}},"55":{"start":{"line":312,"column":4},"end":{"line":314,"column":29}},"56":{"start":{"line":317,"column":2},"end":{"line":342,"column":5}},"57":{"start":{"line":319,"column":6},"end":{"line":329,"column":20}},"58":{"start":{"line":331,"column":4},"end":{"line":335,"column":7}},"59":{"start":{"line":337,"column":4},"end":{"line":341,"column":6}},"60":{"start":{"line":344,"column":2},"end":{"line":367,"column":5}},"61":{"start":{"line":345,"column":4},"end":{"line":355,"column":19}},"62":{"start":{"line":357,"column":4},"end":{"line":362,"column":6}},"63":{"start":{"line":364,"column":4},"end":{"line":366,"column":29}},"64":{"start":{"line":369,"column":2},"end":{"line":389,"column":5}},"65":{"start":{"line":370,"column":4},"end":{"line":380,"column":19}},"66":{"start":{"line":382,"column":4},"end":{"line":384,"column":29}},"67":{"start":{"line":386,"column":4},"end":{"line":388,"column":29}}},"fnMap":{"0":{"name":"(anonymous_1)","decl":{"start":{"line":42,"column":2},"end":{"line":42,"column":13}},"loc":{"start":{"line":43,"column":29},"end":{"line":84,"column":3}}},"1":{"name":"(anonymous_2)","decl":{"start":{"line":87,"column":29},"end":{"line":87,"column":32}},"loc":{"start":{"line":87,"column":34},"end":{"line":390,"column":1}}},"2":{"name":"(anonymous_3)","decl":{"start":{"line":99,"column":12},"end":{"line":99,"column":17}},"loc":{"start":{"line":99,"column":23},"end":{"line":255,"column":3}}},"3":{"name":"(anonymous_4)","decl":{"start":{"line":101,"column":6},"end":{"line":101,"column":11}},"loc":{"start":{"line":103,"column":10},"end":{"line":125,"column":7}}},"4":{"name":"(anonymous_5)","decl":{"start":{"line":129,"column":6},"end":{"line":129,"column":11}},"loc":{"start":{"line":132,"column":10},"end":{"line":168,"column":7}}},"5":{"name":"(anonymous_6)","decl":{"start":{"line":172,"column":6},"end":{"line":172,"column":11}},"loc":{"start":{"line":174,"column":10},"end":{"line":208,"column":7}}},"6":{"name":"(anonymous_7)","decl":{"start":{"line":257,"column":13},"end":{"line":257,"column":16}},"loc":{"start":{"line":257,"column":18},"end":{"line":259,"column":3}}},"7":{"name":"(anonymous_8)","decl":{"start":{"line":261,"column":11},"end":{"line":261,"column":16}},"loc":{"start":{"line":261,"column":22},"end":{"line":263,"column":3}}},"8":{"name":"(anonymous_9)","decl":{"start":{"line":265,"column":47},"end":{"line":265,"column":52}},"loc":{"start":{"line":265,"column":58},"end":{"line":290,"column":3}}},"9":{"name":"(anonymous_10)","decl":{"start":{"line":292,"column":54},"end":{"line":292,"column":59}},"loc":{"start":{"line":292,"column":65},"end":{"line":315,"column":3}}},"10":{"name":"(anonymous_11)","decl":{"start":{"line":317,"column":47},"end":{"line":317,"column":52}},"loc":{"start":{"line":317,"column":58},"end":{"line":342,"column":3}}},"11":{"name":"(anonymous_12)","decl":{"start":{"line":344,"column":54},"end":{"line":344,"column":59}},"loc":{"start":{"line":344,"column":65},"end":{"line":367,"column":3}}},"12":{"name":"(anonymous_13)","decl":{"start":{"line":369,"column":64},"end":{"line":369,"column":69}},"loc":{"start":{"line":369,"column":75},"end":{"line":389,"column":3}}}},"branchMap":{"0":{"loc":{"start":{"line":53,"column":4},"end":{"line":65,"column":5}},"type":"if","locations":[{"start":{"line":53,"column":4},"end":{"line":65,"column":5}},{"start":{},"end":{}}]},"1":{"loc":{"start":{"line":67,"column":4},"end":{"line":79,"column":5}},"type":"if","locations":[{"start":{"line":67,"column":4},"end":{"line":79,"column":5}},{"start":{},"end":{}}]},"2":{"loc":{"start":{"line":104,"column":8},"end":{"line":111,"column":9}},"type":"if","locations":[{"start":{"line":104,"column":8},"end":{"line":111,"column":9}},{"start":{},"end":{}}]},"3":{"loc":{"start":{"line":113,"column":8},"end":{"line":120,"column":9}},"type":"if","locations":[{"start":{"line":113,"column":8},"end":{"line":120,"column":9}},{"start":{},"end":{}}]},"4":{"loc":{"start":{"line":133,"column":8},"end":{"line":148,"column":9}},"type":"if","locations":[{"start":{"line":133,"column":8},"end":{"line":148,"column":9}},{"start":{},"end":{}}]},"5":{"loc":{"start":{"line":134,"column":10},"end":{"line":135,"column":37}},"type":"binary-expr","locations":[{"start":{"line":134,"column":10},"end":{"line":134,"column":30}},{"start":{"line":135,"column":10},"end":{"line":135,"column":37}}]},"6":{"loc":{"start":{"line":150,"column":8},"end":{"line":165,"column":9}},"type":"if","locations":[{"start":{"line":150,"column":8},"end":{"line":165,"column":9}},{"start":{},"end":{}}]},"7":{"loc":{"start":{"line":151,"column":10},"end":{"line":152,"column":37}},"type":"binary-expr","locations":[{"start":{"line":151,"column":10},"end":{"line":151,"column":30}},{"start":{"line":152,"column":10},"end":{"line":152,"column":37}}]},"8":{"loc":{"start":{"line":175,"column":8},"end":{"line":189,"column":9}},"type":"if","locations":[{"start":{"line":175,"column":8},"end":{"line":189,"column":9}},{"start":{},"end":{}}]},"9":{"loc":{"start":{"line":191,"column":8},"end":{"line":205,"column":9}},"type":"if","locations":[{"start":{"line":191,"column":8},"end":{"line":205,"column":9}},{"start":{},"end":{}}]}},"s":{"0":0,"1":0,"2":0,"3":0,"4":0,"5":0,"6":0,"7":0,"8":0,"9":0,"10":0,"11":0,"12":0,"13":0,"14":0,"15":0,"16":0,"17":0,"18":0,"19":0,"20":0,"21":0,"22":0,"23":0,"24":0,"25":0,"26":0,"27":0,"28":0,"29":0,"30":0,"31":0,"32":0,"33":0,"34":0,"35":0,"36":0,"37":0,"38":0,"39":0,"40":0,"41":0,"42":0,"43":0,"44":0,"45":0,"46":0,"47":0,"48":0,"49":0,"50":0,"51":0,"52":0,"53":0,"54":0,"55":0,"56":0,"57":0,"58":0,"59":0,"60":0,"61":0,"62":0,"63":0,"64":0,"65":0,"66":0,"67":0},"f":{"0":0,"1":0,"2":0,"3":0,"4":0,"5":0,"6":0,"7":0,"8":0,"9":0,"10":0,"11":0,"12":0},"b":{"0":[0,0],"1":[0,0],"2":[0,0],"3":[0,0],"4":[0,0],"5":[0,0],"6":[0,0],"7":[0,0],"8":[0,0],"9":[0,0]}}
,"C:\\Users\\Lenovo\\Documents\\opsdesk\\apps\\api\\src\\tenancy\\tenancy.module.ts": {"path":"C:\\Users\\Lenovo\\Documents\\opsdesk\\apps\\api\\src\\tenancy\\tenancy.module.ts","statementMap":{"0":{"start":{"line":22,"column":7},"end":{"line":22,"column":null}},"1":{"start":{"line":22,"column":13},"end":{"line":22,"column":null}}},"fnMap":{},"branchMap":{},"s":{"0":0,"1":0},"f":{},"b":{}}
,"C:\\Users\\Lenovo\\Documents\\opsdesk\\apps\\api\\src\\tenancy\\tenant-context.service.ts": {"path":"C:\\Users\\Lenovo\\Documents\\opsdesk\\apps\\api\\src\\tenancy\\tenant-context.service.ts","statementMap":{"0":{"start":{"line":7,"column":7},"end":{"line":36,"column":null}},"1":{"start":{"line":9,"column":21},"end":{"line":9,"column":null}},"2":{"start":{"line":18,"column":6},"end":{"line":21,"column":null}},"3":{"start":{"line":24,"column":4},"end":{"line":26,"column":5}},"4":{"start":{"line":25,"column":6},"end":{"line":25,"column":18}},"5":{"start":{"line":28,"column":4},"end":{"line":34,"column":6}},"6":{"start":{"line":7,"column":13},"end":{"line":36,"column":null}}},"fnMap":{"0":{"name":"(anonymous_2)","decl":{"start":{"line":8,"column":2},"end":{"line":8,"column":null}},"loc":{"start":{"line":10,"column":24},"end":{"line":11,"column":6}}},"1":{"name":"(anonymous_3)","decl":{"start":{"line":13,"column":2},"end":{"line":13,"column":7}},"loc":{"start":{"line":15,"column":26},"end":{"line":35,"column":3}}}},"branchMap":{"0":{"loc":{"start":{"line":24,"column":4},"end":{"line":26,"column":5}},"type":"if","locations":[{"start":{"line":24,"column":4},"end":{"line":26,"column":5}},{"start":{},"end":{}}]},"1":{"loc":{"start":{"line":10,"column":6},"end":{"line":10,"column":null}},"type":"cond-expr","locations":[{"start":{"line":10,"column":24},"end":{"line":10,"column":null}},{"start":{"line":10,"column":24},"end":{"line":10,"column":null}}]},"2":{"loc":{"start":{"line":10,"column":6},"end":{"line":10,"column":24}},"type":"binary-expr","locations":[{"start":{"line":10,"column":6},"end":{"line":10,"column":null}},{"start":{"line":10,"column":6},"end":{"line":10,"column":24}}]}},"s":{"0":2,"1":3,"2":3,"3":3,"4":1,"5":2,"6":2},"f":{"0":3,"1":3},"b":{"0":[1,2],"1":[2,0],"2":[2,2]}}
,"C:\\Users\\Lenovo\\Documents\\opsdesk\\apps\\api\\src\\tenancy\\tenant-membership.guard.ts": {"path":"C:\\Users\\Lenovo\\Documents\\opsdesk\\apps\\api\\src\\tenancy\\tenant-membership.guard.ts","statementMap":{"0":{"start":{"line":16,"column":7},"end":{"line":75,"column":null}},"1":{"start":{"line":20,"column":21},"end":{"line":20,"column":null}},"2":{"start":{"line":22,"column":21},"end":{"line":22,"column":null}},"3":{"start":{"line":30,"column":6},"end":{"line":32,"column":49}},"4":{"start":{"line":35,"column":6},"end":{"line":35,"column":36}},"5":{"start":{"line":37,"column":4},"end":{"line":44,"column":5}},"6":{"start":{"line":41,"column":6},"end":{"line":43,"column":8}},"7":{"start":{"line":46,"column":4},"end":{"line":53,"column":5}},"8":{"start":{"line":50,"column":6},"end":{"line":52,"column":8}},"9":{"start":{"line":56,"column":6},"end":{"line":57,"column":39}},"10":{"start":{"line":60,"column":6},"end":{"line":62,"column":null}},"11":{"start":{"line":65,"column":4},"end":{"line":69,"column":5}},"12":{"start":{"line":66,"column":6},"end":{"line":68,"column":8}},"13":{"start":{"line":71,"column":4},"end":{"line":71,"column":28}},"14":{"start":{"line":73,"column":4},"end":{"line":73,"column":16}},"15":{"start":{"line":16,"column":13},"end":{"line":75,"column":null}}},"fnMap":{"0":{"name":"(anonymous_2)","decl":{"start":{"line":19,"column":2},"end":{"line":19,"column":null}},"loc":{"start":{"line":23,"column":26},"end":{"line":24,"column":6}}},"1":{"name":"(anonymous_3)","decl":{"start":{"line":26,"column":2},"end":{"line":26,"column":7}},"loc":{"start":{"line":27,"column":29},"end":{"line":74,"column":3}}}},"branchMap":{"0":{"loc":{"start":{"line":37,"column":4},"end":{"line":44,"column":5}},"type":"if","locations":[{"start":{"line":37,"column":4},"end":{"line":44,"column":5}},{"start":{},"end":{}}]},"1":{"loc":{"start":{"line":38,"column":6},"end":{"line":39,"column":29}},"type":"binary-expr","locations":[{"start":{"line":38,"column":6},"end":{"line":38,"column":40}},{"start":{"line":39,"column":6},"end":{"line":39,"column":29}}]},"2":{"loc":{"start":{"line":46,"column":4},"end":{"line":53,"column":5}},"type":"if","locations":[{"start":{"line":46,"column":4},"end":{"line":53,"column":5}},{"start":{},"end":{}}]},"3":{"loc":{"start":{"line":47,"column":6},"end":{"line":48,"column":26}},"type":"binary-expr","locations":[{"start":{"line":47,"column":6},"end":{"line":47,"column":24}},{"start":{"line":48,"column":6},"end":{"line":48,"column":26}}]},"4":{"loc":{"start":{"line":65,"column":4},"end":{"line":69,"column":5}},"type":"if","locations":[{"start":{"line":65,"column":4},"end":{"line":69,"column":5}},{"start":{},"end":{}}]},"5":{"loc":{"start":{"line":21,"column":6},"end":{"line":21,"column":null}},"type":"cond-expr","locations":[{"start":{"line":21,"column":18},"end":{"line":21,"column":null}},{"start":{"line":21,"column":18},"end":{"line":21,"column":null}}]},"6":{"loc":{"start":{"line":21,"column":6},"end":{"line":21,"column":18}},"type":"binary-expr","locations":[{"start":{"line":21,"column":6},"end":{"line":21,"column":null}},{"start":{"line":21,"column":6},"end":{"line":21,"column":18}}]},"7":{"loc":{"start":{"line":21,"column":18},"end":{"line":23,"column":null}},"type":"cond-expr","locations":[{"start":{"line":23,"column":26},"end":{"line":23,"column":null}},{"start":{"line":23,"column":26},"end":{"line":23,"column":null}}]},"8":{"loc":{"start":{"line":21,"column":18},"end":{"line":23,"column":26}},"type":"binary-expr","locations":[{"start":{"line":21,"column":18},"end":{"line":23,"column":null}},{"start":{"line":23,"column":6},"end":{"line":23,"column":26}}]}},"s":{"0":1,"1":4,"2":4,"3":4,"4":4,"5":4,"6":1,"7":3,"8":1,"9":2,"10":2,"11":2,"12":1,"13":1,"14":1,"15":1},"f":{"0":4,"1":4},"b":{"0":[1,3],"1":[4,4],"2":[1,2],"3":[3,2],"4":[1,1],"5":[1,0],"6":[1,1],"7":[1,0],"8":[1,1]}}
,"C:\\Users\\Lenovo\\Documents\\opsdesk\\apps\\api\\src\\users\\users.controller.ts": {"path":"C:\\Users\\Lenovo\\Documents\\opsdesk\\apps\\api\\src\\users\\users.controller.ts","statementMap":{"0":{"start":{"line":11,"column":7},"end":{"line":34,"column":null}},"1":{"start":{"line":13,"column":21},"end":{"line":13,"column":35}},"2":{"start":{"line":21,"column":6},"end":{"line":22,"column":null}},"3":{"start":{"line":25,"column":4},"end":{"line":32,"column":6}},"4":{"start":{"line":17,"column":8},"end":{"line":33,"column":null}},"5":{"start":{"line":11,"column":13},"end":{"line":34,"column":null}}},"fnMap":{"0":{"name":"(anonymous_4)","decl":{"start":{"line":12,"column":2},"end":{"line":12,"column":null}},"loc":{"start":{"line":13,"column":47},"end":{"line":14,"column":6}}},"1":{"name":"(anonymous_5)","decl":{"start":{"line":17,"column":8},"end":{"line":17,"column":22}},"loc":{"start":{"line":18,"column":40},"end":{"line":33,"column":3}}}},"branchMap":{"0":{"loc":{"start":{"line":13,"column":35},"end":{"line":13,"column":null}},"type":"cond-expr","locations":[{"start":{"line":13,"column":47},"end":{"line":13,"column":null}},{"start":{"line":13,"column":47},"end":{"line":13,"column":null}}]},"1":{"loc":{"start":{"line":13,"column":35},"end":{"line":13,"column":47}},"type":"binary-expr","locations":[{"start":{"line":13,"column":35},"end":{"line":13,"column":null}},{"start":{"line":13,"column":35},"end":{"line":13,"column":47}}]}},"s":{"0":0,"1":0,"2":0,"3":0,"4":0,"5":0},"f":{"0":0,"1":0},"b":{"0":[0,0],"1":[0,0]}}
,"C:\\Users\\Lenovo\\Documents\\opsdesk\\apps\\api\\src\\users\\users.module.ts": {"path":"C:\\Users\\Lenovo\\Documents\\opsdesk\\apps\\api\\src\\users\\users.module.ts","statementMap":{"0":{"start":{"line":13,"column":7},"end":{"line":13,"column":null}},"1":{"start":{"line":13,"column":13},"end":{"line":13,"column":null}}},"fnMap":{},"branchMap":{},"s":{"0":0,"1":0},"f":{},"b":{}}
,"C:\\Users\\Lenovo\\Documents\\opsdesk\\apps\\api\\src\\users\\users.service.ts": {"path":"C:\\Users\\Lenovo\\Documents\\opsdesk\\apps\\api\\src\\users\\users.service.ts","statementMap":{"0":{"start":{"line":12,"column":7},"end":{"line":74,"column":null}},"1":{"start":{"line":14,"column":21},"end":{"line":14,"column":29}},"2":{"start":{"line":15,"column":21},"end":{"line":15,"column":36}},"3":{"start":{"line":19,"column":20},"end":{"line":21,"column":null}},"4":{"start":{"line":24,"column":4},"end":{"line":28,"column":5}},"5":{"start":{"line":25,"column":6},"end":{"line":27,"column":8}},"6":{"start":{"line":30,"column":28},"end":{"line":30,"column":62}},"7":{"start":{"line":33,"column":6},"end":{"line":37,"column":8}},"8":{"start":{"line":39,"column":4},"end":{"line":50,"column":5}},"9":{"start":{"line":40,"column":6},"end":{"line":49,"column":9}},"10":{"start":{"line":53,"column":6},"end":{"line":57,"column":8}},"11":{"start":{"line":59,"column":4},"end":{"line":63,"column":5}},"12":{"start":{"line":60,"column":6},"end":{"line":62,"column":8}},"13":{"start":{"line":65,"column":4},"end":{"line":72,"column":7}},"14":{"start":{"line":12,"column":13},"end":{"line":74,"column":null}}},"fnMap":{"0":{"name":"(anonymous_2)","decl":{"start":{"line":13,"column":2},"end":{"line":13,"column":null}},"loc":{"start":{"line":15,"column":56},"end":{"line":16,"column":6}}},"1":{"name":"(anonymous_3)","decl":{"start":{"line":18,"column":2},"end":{"line":18,"column":7}},"loc":{"start":{"line":18,"column":59},"end":{"line":73,"column":3}}}},"branchMap":{"0":{"loc":{"start":{"line":24,"column":4},"end":{"line":28,"column":5}},"type":"if","locations":[{"start":{"line":24,"column":4},"end":{"line":28,"column":5}},{"start":{},"end":{}}]},"1":{"loc":{"start":{"line":39,"column":4},"end":{"line":50,"column":5}},"type":"if","locations":[{"start":{"line":39,"column":4},"end":{"line":50,"column":5}},{"start":{},"end":{}}]},"2":{"loc":{"start":{"line":46,"column":16},"end":{"line":46,"column":36}},"type":"binary-expr","locations":[{"start":{"line":46,"column":16},"end":{"line":46,"column":28}},{"start":{"line":46,"column":32},"end":{"line":46,"column":36}}]},"3":{"loc":{"start":{"line":47,"column":21},"end":{"line":47,"column":44}},"type":"binary-expr","locations":[{"start":{"line":47,"column":21},"end":{"line":47,"column":36}},{"start":{"line":47,"column":40},"end":{"line":47,"column":44}}]},"4":{"loc":{"start":{"line":59,"column":4},"end":{"line":63,"column":5}},"type":"if","locations":[{"start":{"line":59,"column":4},"end":{"line":63,"column":5}},{"start":{},"end":{}}]},"5":{"loc":{"start":{"line":69,"column":14},"end":{"line":69,"column":34}},"type":"binary-expr","locations":[{"start":{"line":69,"column":14},"end":{"line":69,"column":26}},{"start":{"line":69,"column":30},"end":{"line":69,"column":34}}]},"6":{"loc":{"start":{"line":70,"column":19},"end":{"line":70,"column":42}},"type":"binary-expr","locations":[{"start":{"line":70,"column":19},"end":{"line":70,"column":34}},{"start":{"line":70,"column":38},"end":{"line":70,"column":42}}]},"7":{"loc":{"start":{"line":14,"column":29},"end":{"line":14,"column":null}},"type":"cond-expr","locations":[{"start":{"line":14,"column":42},"end":{"line":14,"column":null}},{"start":{"line":14,"column":42},"end":{"line":14,"column":null}}]},"8":{"loc":{"start":{"line":14,"column":29},"end":{"line":14,"column":42}},"type":"binary-expr","locations":[{"start":{"line":14,"column":29},"end":{"line":14,"column":null}},{"start":{"line":14,"column":29},"end":{"line":14,"column":42}}]},"9":{"loc":{"start":{"line":14,"column":42},"end":{"line":15,"column":null}},"type":"cond-expr","locations":[{"start":{"line":15,"column":56},"end":{"line":15,"column":null}},{"start":{"line":15,"column":56},"end":{"line":15,"column":null}}]},"10":{"loc":{"start":{"line":14,"column":42},"end":{"line":15,"column":56}},"type":"binary-expr","locations":[{"start":{"line":14,"column":42},"end":{"line":15,"column":null}},{"start":{"line":15,"column":36},"end":{"line":15,"column":56}}]}},"s":{"0":2,"1":4,"2":4,"3":4,"4":4,"5":1,"6":3,"7":3,"8":3,"9":1,"10":2,"11":2,"12":1,"13":1,"14":2},"f":{"0":4,"1":4},"b":{"0":[1,3],"1":[1,2],"2":[1,0],"3":[1,0],"4":[1,1],"5":[1,0],"6":[1,0],"7":[2,0],"8":[2,2],"9":[2,0],"10":[2,2]}}
}
