TN:
SF:src\app.controller.ts
FN:8,(anonymous_2)
FN:15,(anonymous_3)
FN:24,(anonymous_4)
FNF:3
FNH:0
FNDA:0,(anonymous_2)
FNDA:0,(anonymous_3)
FNDA:0,(anonymous_4)
DA:7,0
DA:9,0
DA:10,0
DA:15,0
DA:16,0
DA:24,0
DA:25,0
DA:27,0
DA:29,0
LF:9
LH:0
BRDA:33,0,0,0
BRDA:33,0,1,0
BRDA:9,1,0,0
BRDA:9,1,1,0
BRDA:9,2,0,0
BRDA:9,2,1,0
BRDA:9,3,0,0
BRDA:9,3,1,0
BRDA:9,4,0,0
BRDA:9,4,1,0
BRF:10
BRH:0
end_of_record
TN:
SF:src\app.module.ts
FNF:0
FNH:0
DA:41,0
LF:1
LH:0
BRF:0
BRH:0
end_of_record
TN:
SF:src\app.service.ts
FN:5,(anonymous_1)
FNF:1
FNH:0
FNDA:0,(anonymous_1)
DA:4,0
DA:6,0
LF:2
LH:0
BRF:0
BRH:0
end_of_record
TN:
SF:src\auth\auth.guard.ts
FN:27,(anonymous_2)
FN:42,(anonymous_3)
FN:91,(anonymous_4)
FNF:3
FNH:3
FNDA:4,(anonymous_2)
FNDA:4,(anonymous_3)
FNDA:3,(anonymous_4)
DA:22,1
DA:28,4
DA:29,4
DA:31,4
DA:34,4
DA:37,4
DA:43,4
DA:48,4
DA:49,1
DA:53,3
DA:55,3
DA:57,3
DA:58,2
DA:61,1
DA:62,1
DA:72,0
DA:73,0
DA:78,0
DA:79,0
DA:81,0
DA:83,1
DA:84,0
DA:87,1
DA:94,3
DA:96,3
DA:97,1
DA:100,2
DA:102,2
DA:103,1
DA:106,1
LF:30
LH:24
BRDA:48,0,0,1
BRDA:48,0,1,3
BRDA:57,1,0,2
BRDA:57,1,1,1
BRDA:72,2,0,0
BRDA:72,2,1,0
BRDA:83,3,0,0
BRDA:83,3,1,1
BRDA:96,4,0,1
BRDA:96,4,1,2
BRDA:102,5,0,1
BRDA:102,5,1,1
BRDA:102,6,0,2
BRDA:102,6,1,1
BRDA:28,7,0,1
BRDA:28,7,1,0
BRDA:28,8,0,1
BRDA:28,8,1,1
BRDA:28,9,0,1
BRDA:28,9,1,0
BRDA:28,10,0,1
BRDA:28,10,1,1
BRF:22
BRH:17
end_of_record
TN:
SF:src\auth\auth.module.ts
FNF:0
FNH:0
DA:17,0
LF:1
LH:0
BRF:0
BRH:0
end_of_record
TN:
SF:src\auth\auth0-userinfo.service.ts
FN:22,(anonymous_2)
FN:30,(anonymous_3)
FNF:2
FNH:0
FNDA:0,(anonymous_2)
FNDA:0,(anonymous_3)
DA:10,2
DA:19,2
DA:22,0
DA:23,0
DA:27,0
DA:34,0
DA:40,0
DA:41,0
DA:46,0
DA:48,0
DA:50,0
DA:51,0
DA:56,0
DA:57,0
DA:62,0
LF:15
LH:2
BRDA:40,0,0,0
BRDA:40,0,1,0
BRDA:50,1,0,0
BRDA:50,1,1,0
BRDA:56,2,0,0
BRDA:56,2,1,0
BRDA:22,3,0,2
BRDA:22,3,1,0
BRDA:22,4,0,2
BRDA:22,4,1,2
BRF:10
BRH:3
end_of_record
TN:
SF:src\auth\public.decorator.ts
FN:5,(anonymous_0)
FNF:1
FNH:0
FNDA:0,(anonymous_0)
DA:3,1
DA:5,1
LF:2
LH:2
BRF:0
BRH:0
end_of_record
TN:
SF:src\config\env.validation.ts
FN:17,validateEnv
FNF:1
FNH:0
FNDA:0,validateEnv
DA:3,0
DA:18,0
DA:20,0
DA:21,0
DA:22,0
DA:25,0
LF:6
LH:0
BRDA:20,0,0,0
BRDA:20,0,1,0
BRF:2
BRH:0
end_of_record
TN:
SF:src\database\database.module.ts
FNF:0
FNH:0
DA:9,0
LF:1
LH:0
BRF:0
BRH:0
end_of_record
TN:
SF:src\database\prisma.service.ts
FN:10,(anonymous_2)
FN:26,(anonymous_3)
FNF:2
FNH:0
FNDA:0,(anonymous_2)
FNDA:0,(anonymous_3)
DA:6,6
DA:11,0
DA:13,0
DA:14,0
DA:17,0
DA:21,0
DA:27,0
LF:7
LH:1
BRDA:13,0,0,0
BRDA:13,0,1,0
BRF:2
BRH:0
end_of_record
TN:
SF:src\invitations\invitation-acceptance.controller.ts
FN:16,(anonymous_4)
FN:26,(anonymous_5)
FNF:2
FNH:0
FNDA:0,(anonymous_4)
FNDA:0,(anonymous_5)
DA:15,0
DA:17,0
DA:20,0
DA:26,0
DA:34,0
DA:39,0
LF:6
LH:0
BRDA:31,0,0,0
BRDA:31,0,1,0
BRDA:31,1,0,0
BRDA:31,1,1,0
BRDA:18,2,0,0
BRDA:18,2,1,0
BRDA:18,3,0,0
BRDA:18,3,1,0
BRDA:18,4,0,0
BRDA:18,4,1,0
BRDA:18,5,0,0
BRDA:18,5,1,0
BRF:12
BRH:0
end_of_record
TN:
SF:src\invitations\invitations.controller.ts
FN:34,(anonymous_4)
FN:40,(anonymous_5)
FN:64,(anonymous_6)
FN:84,(anonymous_7)
FNF:4
FNH:0
FNDA:0,(anonymous_4)
FNDA:0,(anonymous_5)
FNDA:0,(anonymous_6)
FNDA:0,(anonymous_7)
DA:33,0
DA:35,0
DA:40,0
DA:48,0
DA:50,0
DA:51,0
DA:56,0
DA:64,0
DA:69,0
DA:71,0
DA:72,0
DA:77,0
DA:84,0
DA:95,0
DA:97,0
DA:98,0
DA:103,0
LF:17
LH:0
BRDA:50,0,0,0
BRDA:50,0,1,0
BRDA:71,1,0,0
BRDA:71,1,1,0
BRDA:97,2,0,0
BRDA:97,2,1,0
BRDA:45,3,0,0
BRDA:45,3,1,0
BRDA:45,4,0,0
BRDA:45,4,1,0
BRDA:36,5,0,0
BRDA:36,5,1,0
BRDA:36,6,0,0
BRDA:36,6,1,0
BRF:14
BRH:0
end_of_record
TN:
SF:src\invitations\invitations.module.ts
FNF:0
FNH:0
DA:30,0
LF:1
LH:0
BRF:0
BRH:0
end_of_record
TN:
SF:src\invitations\invitations.service.ts
FN:21,(anonymous_2)
FN:25,(anonymous_3)
FN:55,(anonymous_4)
FN:175,(anonymous_5)
FN:183,(anonymous_6)
FN:217,(anonymous_7)
FN:224,(anonymous_8)
FN:316,(anonymous_9)
FN:332,(anonymous_10)
FN:487,(anonymous_11)
FN:511,(anonymous_12)
FN:535,(anonymous_13)
FNF:12
FNH:12
FNDA:19,(anonymous_2)
FNDA:6,(anonymous_3)
FNDA:3,(anonymous_4)
FNDA:11,(anonymous_5)
FNDA:1,(anonymous_6)
FNDA:4,(anonymous_7)
FNDA:5,(anonymous_8)
FNDA:8,(anonymous_9)
FNDA:8,(anonymous_10)
FNDA:10,(anonymous_11)
FNDA:7,(anonymous_12)
FNDA:7,(anonymous_13)
DA:17,1
DA:20,1
DA:22,19
DA:30,6
DA:36,3
DA:39,3
DA:44,3
DA:46,3
DA:48,3
DA:54,3
DA:57,3
DA:68,3
DA:70,1
DA:85,1
DA:86,1
DA:93,2
DA:114,2
DA:115,1
DA:120,1
DA:164,1
DA:178,11
DA:187,1
DA:216,1
DA:218,4
DA:229,5
DA:257,5
DA:258,1
DA:263,4
DA:268,3
DA:269,1
DA:274,2
DA:275,1
DA:281,1
DA:311,1
DA:324,8
DA:327,8
DA:329,8
DA:331,8
DA:334,8
DA:358,8
DA:359,1
DA:364,7
DA:368,1
DA:373,6
DA:374,1
DA:379,5
DA:380,1
DA:385,4
DA:388,1
DA:394,3
DA:408,3
DA:409,1
DA:415,2
DA:433,2
DA:434,1
DA:440,1
DA:463,1
DA:491,10
DA:492,6
DA:495,4
DA:496,1
DA:501,3
DA:505,3
DA:526,7
DA:540,7
DA:541,1
DA:544,6
DA:545,3
DA:548,3
DA:552,1
DA:555,2
LF:71
LH:71
BRDA:68,0,0,1
BRDA:68,0,1,2
BRDA:85,1,0,1
BRDA:85,1,1,0
BRDA:114,2,0,1
BRDA:114,2,1,1
BRDA:257,3,0,1
BRDA:257,3,1,4
BRDA:268,4,0,1
BRDA:268,4,1,2
BRDA:274,5,0,1
BRDA:274,5,1,1
BRDA:358,6,0,1
BRDA:358,6,1,7
BRDA:364,7,0,1
BRDA:364,7,1,6
BRDA:373,8,0,1
BRDA:373,8,1,5
BRDA:379,9,0,1
BRDA:379,9,1,4
BRDA:385,10,0,1
BRDA:385,10,1,3
BRDA:408,11,0,1
BRDA:408,11,1,2
BRDA:433,12,0,1
BRDA:433,12,1,1
BRDA:491,13,0,6
BRDA:491,13,1,4
BRDA:495,14,0,1
BRDA:495,14,1,3
BRDA:501,15,0,3
BRDA:501,15,1,0
BRDA:502,16,0,3
BRDA:502,16,1,1
BRDA:540,17,0,1
BRDA:540,17,1,6
BRDA:544,18,0,3
BRDA:544,18,1,3
BRDA:548,19,0,1
BRDA:548,19,1,2
BRDA:22,20,0,1
BRDA:22,20,1,0
BRDA:22,21,0,1
BRDA:22,21,1,1
BRF:44
BRH:41
end_of_record
TN:
SF:src\invitations\dto\accept-invitation.dto.ts
FN:9,(anonymous_2)
FNF:1
FNH:0
FNDA:0,(anonymous_2)
DA:10,0
DA:17,0
LF:2
LH:0
BRDA:10,0,0,0
BRDA:10,0,1,0
BRF:2
BRH:0
end_of_record
TN:
SF:src\invitations\dto\create-invitation.dto.ts
FN:17,(anonymous_2)
FNF:1
FNH:0
FNDA:0,(anonymous_2)
DA:9,0
DA:18,0
DA:23,0
DA:26,0
LF:4
LH:0
BRDA:18,0,0,0
BRDA:18,0,1,0
BRF:2
BRH:0
end_of_record
TN:
SF:src\members\members.controller.ts
FN:29,(anonymous_4)
FN:38,(anonymous_5)
FN:60,(anonymous_6)
FNF:3
FNH:0
FNDA:0,(anonymous_4)
FNDA:0,(anonymous_5)
FNDA:0,(anonymous_6)
DA:28,0
DA:30,0
DA:38,0
DA:42,0
DA:44,0
DA:45,0
DA:50,0
DA:60,0
DA:73,0
DA:75,0
DA:76,0
DA:81,0
LF:12
LH:0
BRDA:44,0,0,0
BRDA:44,0,1,0
BRDA:75,1,0,0
BRDA:75,1,1,0
BRDA:71,2,0,0
BRDA:71,2,1,0
BRDA:71,3,0,0
BRDA:71,3,1,0
BRDA:31,4,0,0
BRDA:31,4,1,0
BRDA:31,5,0,0
BRDA:31,5,1,0
BRF:12
BRH:0
end_of_record
TN:
SF:src\members\members.module.ts
FNF:0
FNH:0
DA:25,0
LF:1
LH:0
BRF:0
BRH:0
end_of_record
TN:
SF:src\members\members.service.ts
FN:14,(anonymous_2)
FN:18,(anonymous_3)
FN:48,(anonymous_4)
FN:54,(anonymous_5)
FN:147,(anonymous_6)
FNF:5
FNH:5
FNDA:8,(anonymous_2)
FNDA:1,(anonymous_3)
FNDA:7,(anonymous_4)
FNDA:7,(anonymous_5)
FNDA:6,(anonymous_6)
DA:13,1
DA:15,8
DA:21,1
DA:53,7
DA:56,7
DA:80,7
DA:81,1
DA:86,6
DA:92,4
DA:97,2
DA:105,2
DA:106,1
DA:113,3
DA:139,3
DA:152,6
DA:153,3
DA:156,3
DA:157,0
DA:162,3
DA:166,1
DA:171,2
DA:175,1
LF:22
LH:21
BRDA:80,0,0,1
BRDA:80,0,1,6
BRDA:92,1,0,2
BRDA:92,1,1,2
BRDA:93,2,0,4
BRDA:93,2,1,2
BRDA:105,3,0,1
BRDA:105,3,1,1
BRDA:152,4,0,3
BRDA:152,4,1,3
BRDA:156,5,0,0
BRDA:156,5,1,3
BRDA:162,6,0,1
BRDA:162,6,1,2
BRDA:163,7,0,3
BRDA:163,7,1,2
BRDA:171,8,0,1
BRDA:171,8,1,1
BRDA:172,9,0,2
BRDA:172,9,1,2
BRDA:15,10,0,1
BRDA:15,10,1,0
BRDA:15,11,0,1
BRDA:15,11,1,1
BRF:24
BRH:22
end_of_record
TN:
SF:src\members\dto\update-member-role.dto.ts
FNF:0
FNH:0
DA:5,0
DA:14,0
LF:2
LH:0
BRF:0
BRH:0
end_of_record
TN:
SF:src\memberships\memberships.module.ts
FNF:0
FNH:0
DA:13,0
LF:1
LH:0
BRF:0
BRH:0
end_of_record
TN:
SF:src\memberships\memberships.service.ts
FN:7,(anonymous_2)
FN:11,(anonymous_3)
FN:28,(anonymous_4)
FN:42,(anonymous_5)
FNF:4
FNH:4
FNDA:5,(anonymous_2)
FNDA:2,(anonymous_3)
FNDA:1,(anonymous_4)
FNDA:2,(anonymous_5)
DA:6,3
DA:8,5
DA:15,2
DA:29,1
DA:47,2
DA:59,2
LF:6
LH:6
BRDA:8,0,0,3
BRDA:8,0,1,0
BRDA:8,1,0,3
BRDA:8,1,1,3
BRF:4
BRH:3
end_of_record
TN:
SF:src\organizations\organizations.controller.ts
FN:20,(anonymous_4)
FN:26,(anonymous_5)
FN:42,(anonymous_6)
FN:57,(anonymous_7)
FNF:4
FNH:0
FNDA:0,(anonymous_4)
FNDA:0,(anonymous_5)
FNDA:0,(anonymous_6)
FNDA:0,(anonymous_7)
DA:19,0
DA:21,0
DA:22,0
DA:26,0
DA:31,0
DA:35,0
DA:42,0
DA:46,0
DA:50,0
DA:57,0
DA:60,0
DA:62,0
DA:63,0
DA:69,0
DA:73,0
DA:74,0
DA:79,0
LF:17
LH:0
BRDA:62,0,0,0
BRDA:62,0,1,0
BRDA:73,1,0,0
BRDA:73,1,1,0
BRDA:28,2,0,0
BRDA:28,2,1,0
BRDA:28,3,0,0
BRDA:28,3,1,0
BRDA:21,4,0,0
BRDA:21,4,1,0
BRDA:21,5,0,0
BRDA:21,5,1,0
BRDA:21,6,0,0
BRDA:21,6,1,0
BRDA:21,7,0,0
BRDA:21,7,1,0
BRF:16
BRH:0
end_of_record
TN:
SF:src\organizations\organizations.module.ts
FNF:0
FNH:0
DA:27,0
LF:1
LH:0
BRF:0
BRH:0
end_of_record
TN:
SF:src\organizations\organizations.service.ts
FN:10,(anonymous_2)
FN:16,(anonymous_3)
FN:23,(anonymous_4)
FN:56,(anonymous_5)
FN:63,(anonymous_6)
FN:76,(anonymous_7)
FN:94,(anonymous_8)
FNF:7
FNH:0
FNDA:0,(anonymous_2)
FNDA:0,(anonymous_3)
FNDA:0,(anonymous_4)
FNDA:0,(anonymous_5)
FNDA:0,(anonymous_6)
FNDA:0,(anonymous_7)
FNDA:0,(anonymous_8)
DA:9,0
DA:11,0
DA:12,0
DA:20,0
DA:22,0
DA:25,0
DA:33,0
DA:42,0
DA:58,0
DA:62,0
DA:63,0
DA:79,0
DA:95,0
DA:103,0
DA:105,0
LF:15
LH:0
BRDA:106,0,0,0
BRDA:106,0,1,0
BRDA:11,1,0,0
BRDA:11,1,1,0
BRDA:11,2,0,0
BRDA:11,2,1,0
BRDA:11,3,0,0
BRDA:11,3,1,0
BRDA:11,4,0,0
BRDA:11,4,1,0
BRF:10
BRH:0
end_of_record
TN:
SF:src\organizations\dto\create-organization.dto.ts
FN:9,(anonymous_2)
FNF:1
FNH:0
FNDA:0,(anonymous_2)
DA:10,0
DA:17,0
LF:2
LH:0
BRDA:10,0,0,0
BRDA:10,0,1,0
BRF:2
BRH:0
end_of_record
TN:
SF:src\rbac\permission.guard.ts
FN:18,(anonymous_2)
FN:24,(anonymous_3)
FNF:2
FNH:2
FNDA:5,(anonymous_2)
FNDA:5,(anonymous_3)
DA:15,1
DA:19,5
DA:20,5
DA:28,5
DA:37,5
DA:41,1
DA:45,4
DA:49,4
DA:51,4
DA:52,1
DA:58,3
DA:64,3
DA:65,1
DA:70,2
LF:14
LH:14
BRDA:37,0,0,1
BRDA:37,0,1,4
BRDA:38,1,0,5
BRDA:38,1,1,4
BRDA:51,2,0,1
BRDA:51,2,1,3
BRDA:64,3,0,1
BRDA:64,3,1,2
BRDA:19,4,0,1
BRDA:19,4,1,0
BRDA:19,5,0,1
BRDA:19,5,1,1
BRDA:19,6,0,1
BRDA:19,6,1,0
BRDA:19,7,0,1
BRDA:19,7,1,1
BRF:16
BRH:14
end_of_record
TN:
SF:src\rbac\permissions.service.ts
FN:9,(anonymous_1)
FN:19,(anonymous_2)
FN:24,(anonymous_3)
FNF:3
FNH:3
FNDA:9,(anonymous_1)
FNDA:2,(anonymous_2)
FNDA:4,(anonymous_3)
DA:8,2
DA:14,9
DA:16,9
DA:23,2
DA:25,4
LF:5
LH:5
BRF:0
BRH:0
end_of_record
TN:
SF:src\rbac\permissions.ts
FNF:0
FNH:0
DA:1,2
LF:1
LH:1
BRF:0
BRH:0
end_of_record
TN:
SF:src\rbac\rbac.module.ts
FNF:0
FNH:0
DA:16,0
LF:1
LH:0
BRF:0
BRH:0
end_of_record
TN:
SF:src\rbac\require-permissions.decorator.ts
FN:8,(anonymous_0)
FNF:1
FNH:0
FNDA:0,(anonymous_0)
DA:6,1
DA:8,1
DA:11,0
LF:3
LH:2
BRF:0
BRH:0
end_of_record
TN:
SF:src\rbac\role-permissions.ts
FNF:0
FNH:0
DA:7,2
LF:1
LH:1
BRF:0
BRH:0
end_of_record
TN:
SF:src\redis\redis.module.ts
FNF:0
FNH:0
DA:9,0
LF:1
LH:0
BRF:0
BRH:0
end_of_record
TN:
SF:src\redis\redis.service.ts
FN:13,(anonymous_2)
FN:22,(anonymous_3)
FN:26,(anonymous_4)
FN:30,(anonymous_5)
FN:34,(anonymous_6)
FNF:5
FNH:0
FNDA:0,(anonymous_2)
FNDA:0,(anonymous_3)
FNDA:0,(anonymous_4)
FNDA:0,(anonymous_5)
FNDA:0,(anonymous_6)
DA:10,0
DA:13,0
DA:14,0
DA:16,0
DA:23,0
DA:27,0
DA:31,0
DA:35,0
LF:8
LH:0
BRDA:13,0,0,0
BRDA:13,0,1,0
BRDA:13,1,0,0
BRDA:13,1,1,0
BRF:4
BRH:0
end_of_record
TN:
SF:src\tenancy\tenancy.e2e-spec.ts
FN:42,(anonymous_1)
FN:87,(anonymous_2)
FN:99,(anonymous_3)
FN:101,(anonymous_4)
FN:129,(anonymous_5)
FN:172,(anonymous_6)
FN:257,(anonymous_7)
FN:261,(anonymous_8)
FN:265,(anonymous_9)
FN:292,(anonymous_10)
FN:317,(anonymous_11)
FN:344,(anonymous_12)
FN:369,(anonymous_13)
FNF:13
FNH:0
FNDA:0,(anonymous_1)
FNDA:0,(anonymous_2)
FNDA:0,(anonymous_3)
FNDA:0,(anonymous_4)
FNDA:0,(anonymous_5)
FNDA:0,(anonymous_6)
FNDA:0,(anonymous_7)
FNDA:0,(anonymous_8)
FNDA:0,(anonymous_9)
FNDA:0,(anonymous_10)
FNDA:0,(anonymous_11)
FNDA:0,(anonymous_12)
FNDA:0,(anonymous_13)
DA:29,0
DA:32,0
DA:35,0
DA:38,0
DA:41,0
DA:46,0
DA:51,0
DA:53,0
DA:57,0
DA:61,0
DA:64,0
DA:67,0
DA:71,0
DA:75,0
DA:78,0
DA:81,0
DA:87,0
DA:91,0
DA:94,0
DA:97,0
DA:99,0
DA:100,0
DA:104,0
DA:108,0
DA:113,0
DA:117,0
DA:122,0
DA:128,0
DA:133,0
DA:137,0
DA:150,0
DA:154,0
DA:167,0
DA:171,0
DA:175,0
DA:178,0
DA:191,0
DA:194,0
DA:207,0
DA:212,0
DA:247,0
DA:250,0
DA:254,0
DA:257,0
DA:258,0
DA:261,0
DA:262,0
DA:265,0
DA:267,0
DA:279,0
DA:285,0
DA:292,0
DA:293,0
DA:305,0
DA:312,0
DA:317,0
DA:319,0
DA:331,0
DA:337,0
DA:344,0
DA:345,0
DA:357,0
DA:364,0
DA:369,0
DA:370,0
DA:382,0
DA:386,0
LF:67
LH:0
BRDA:53,0,0,0
BRDA:53,0,1,0
BRDA:67,1,0,0
BRDA:67,1,1,0
BRDA:104,2,0,0
BRDA:104,2,1,0
BRDA:113,3,0,0
BRDA:113,3,1,0
BRDA:133,4,0,0
BRDA:133,4,1,0
BRDA:134,5,0,0
BRDA:134,5,1,0
BRDA:150,6,0,0
BRDA:150,6,1,0
BRDA:151,7,0,0
BRDA:151,7,1,0
BRDA:175,8,0,0
BRDA:175,8,1,0
BRDA:191,9,0,0
BRDA:191,9,1,0
BRF:20
BRH:0
end_of_record
TN:
SF:src\tenancy\tenancy.module.ts
FNF:0
FNH:0
DA:22,0
LF:1
LH:0
BRF:0
BRH:0
end_of_record
TN:
SF:src\tenancy\tenant-context.service.ts
FN:8,(anonymous_2)
FN:13,(anonymous_3)
FNF:2
FNH:2
FNDA:3,(anonymous_2)
FNDA:3,(anonymous_3)
DA:7,2
DA:9,3
DA:18,3
DA:24,3
DA:25,1
DA:28,2
LF:6
LH:6
BRDA:24,0,0,1
BRDA:24,0,1,2
BRDA:10,1,0,2
BRDA:10,1,1,0
BRDA:10,2,0,2
BRDA:10,2,1,2
BRF:6
BRH:5
end_of_record
TN:
SF:src\tenancy\tenant-membership.guard.ts
FN:19,(anonymous_2)
FN:26,(anonymous_3)
FNF:2
FNH:2
FNDA:4,(anonymous_2)
FNDA:4,(anonymous_3)
DA:16,1
DA:20,4
DA:22,4
DA:30,4
DA:35,4
DA:37,4
DA:41,1
DA:46,3
DA:50,1
DA:56,2
DA:60,2
DA:65,2
DA:66,1
DA:71,1
DA:73,1
LF:15
LH:15
BRDA:37,0,0,1
BRDA:37,0,1,3
BRDA:38,1,0,4
BRDA:38,1,1,4
BRDA:46,2,0,1
BRDA:46,2,1,2
BRDA:47,3,0,3
BRDA:47,3,1,2
BRDA:65,4,0,1
BRDA:65,4,1,1
BRDA:21,5,0,1
BRDA:21,5,1,0
BRDA:21,6,0,1
BRDA:21,6,1,1
BRDA:21,7,0,1
BRDA:21,7,1,0
BRDA:21,8,0,1
BRDA:21,8,1,1
BRF:18
BRH:16
end_of_record
TN:
SF:src\users\users.controller.ts
FN:12,(anonymous_4)
FN:17,(anonymous_5)
FNF:2
FNH:0
FNDA:0,(anonymous_4)
FNDA:0,(anonymous_5)
DA:11,0
DA:13,0
DA:17,0
DA:21,0
DA:25,0
LF:5
LH:0
BRDA:13,0,0,0
BRDA:13,0,1,0
BRDA:13,1,0,0
BRDA:13,1,1,0
BRF:4
BRH:0
end_of_record
TN:
SF:src\users\users.module.ts
FNF:0
FNH:0
DA:13,0
LF:1
LH:0
BRF:0
BRH:0
end_of_record
TN:
SF:src\users\users.service.ts
FN:13,(anonymous_2)
FN:18,(anonymous_3)
FNF:2
FNH:2
FNDA:4,(anonymous_2)
FNDA:4,(anonymous_3)
DA:12,2
DA:14,4
DA:15,4
DA:19,4
DA:24,4
DA:25,1
DA:30,3
DA:33,3
DA:39,3
DA:40,1
DA:53,2
DA:59,2
DA:60,1
DA:65,1
LF:14
LH:14
BRDA:24,0,0,1
BRDA:24,0,1,3
BRDA:39,1,0,1
BRDA:39,1,1,2
BRDA:46,2,0,1
BRDA:46,2,1,0
BRDA:47,3,0,1
BRDA:47,3,1,0
BRDA:59,4,0,1
BRDA:59,4,1,1
BRDA:69,5,0,1
BRDA:69,5,1,0
BRDA:70,6,0,1
BRDA:70,6,1,0
BRDA:14,7,0,2
BRDA:14,7,1,0
BRDA:14,8,0,2
BRDA:14,8,1,2
BRDA:14,9,0,2
BRDA:14,9,1,0
BRDA:14,10,0,2
BRDA:14,10,1,2
BRF:22
BRH:16
end_of_record
